{"meta": {"format": 3, "version": "7.13.5", "timestamp": "2026-03-23T22:32:20.421797", "branch_coverage": true, "show_contexts": false}, "files": {"src/gguf_sync/__init__.py": {"executed_lines": [3, 4], "summary": {"covered_lines": 2, "num_statements": 2, "percent_covered": 100.0, "percent_covered_display": "100", "missing_lines": 0, "excluded_lines": 0, "percent_statements_covered": 100.0, "percent_statements_covered_display": "100", "num_branches": 0, "num_partial_branches": 0, "covered_branches": 0, "missing_branches": 0, "percent_branches_covered": 100.0, "percent_branches_covered_display": "100"}, "missing_lines": [], "excluded_lines": [], "executed_branches": [], "missing_branches": [], "functions": {"": {"executed_lines": [3, 4], "summary": {"covered_lines": 2, "num_statements": 2, "percent_covered": 100.0, "percent_covered_display": "100", "missing_lines": 0, "excluded_lines": 0, "percent_statements_covered": 100.0, "percent_statements_covered_display": "100", "num_branches": 0, "num_partial_branches": 0, "covered_branches": 0, "missing_branches": 0, "percent_branches_covered": 100.0, "percent_branches_covered_display": "100"}, "missing_lines": [], "excluded_lines": [], "start_line": 1, "executed_branches": [], "missing_branches": []}}, "classes": {"": {"executed_lines": [3, 4], "summary": {"covered_lines": 2, "num_statements": 2, "percent_covered": 100.0, "percent_covered_display": "100", "missing_lines": 0, "excluded_lines": 0, "percent_statements_covered": 100.0, "percent_statements_covered_display": "100", "num_branches": 0, "num_partial_branches": 0, "covered_branches": 0, "missing_branches": 0, "percent_branches_covered": 100.0, "percent_branches_covered_display": "100"}, "missing_lines": [], "excluded_lines": [], "start_line": 1, "executed_branches": [], "missing_branches": []}}}, "src/gguf_sync/__main__.py": {"executed_lines": [], "summary": {"covered_lines": 0, "num_statements": 1, "percent_covered": 0.0, "percent_covered_display": "0", "missing_lines": 1, "excluded_lines": 2, "percent_statements_covered": 0.0, "percent_statements_covered_display": "0", "num_branches": 0, "num_partial_branches": 0, "covered_branches": 0, "missing_branches": 0, "percent_branches_covered": 100.0, "percent_branches_covered_display": "100"}, "missing_lines": [3], "excluded_lines": [5, 6], "executed_branches": [], "missing_branches": [], "functions": {"": {"executed_lines": [], "summary": {"covered_lines": 0, "num_statements": 1, "percent_covered": 0.0, "percent_covered_display": "0", "missing_lines": 1, "excluded_lines": 2, "percent_statements_covered": 0.0, "percent_statements_covered_display": "0", "num_branches": 0, "num_partial_branches": 0, "covered_branches": 0, "missing_branches": 0, "percent_branches_covered": 100.0, "percent_branches_covered_display": "100"}, "missing_lines": [3], "excluded_lines": [5, 6], "start_line": 1, "executed_branches": [], "missing_branches": []}}, "classes": {"": {"executed_lines": [], "summary": {"covered_lines": 0, "num_statements": 1, "percent_covered": 0.0, "percent_covered_display": "0", "missing_lines": 1, "excluded_lines": 2, "percent_statements_covered": 0.0, "percent_statements_covered_display": "0", "num_branches": 0, "num_partial_branches": 0, "covered_branches": 0, "missing_branches": 0, "percent_branches_covered": 100.0, "percent_branches_covered_display": "100"}, "missing_lines": [3], "excluded_lines": [5, 6], "start_line": 1, "executed_branches": [], "missing_branches": []}}}, "src/gguf_sync/backends/__init__.py": {"executed_lines": [3, 4, 5, 6, 7, 8, 9, 10, 11, 12, 13, 15], "summary": {"covered_lines": 12, "num_statements": 12, "percent_covered": 100.0, "percent_covered_display": "100", "missing_lines": 0, "excluded_lines": 0, "percent_statements_covered": 100.0, "percent_statements_covered_display": "100", "num_branches": 0, "num_partial_branches": 0, "covered_branches": 0, "missing_branches": 0, "percent_branches_covered": 100.0, "percent_branches_covered_display": "100"}, "missing_lines": [], "excluded_lines": [], "executed_branches": [], "missing_branches": [], "functions": {"": {"executed_lines": [3, 4, 5, 6, 7, 8, 9, 10, 11, 12, 13, 15], "summary": {"covered_lines": 12, "num_statements": 12, "percent_covered": 100.0, "percent_covered_display": "100", "missing_lines": 0, "excluded_lines": 0, "percent_statements_covered": 100.0, "percent_statements_covered_display": "100", "num_branches": 0, "num_partial_branches": 0, "covered_branches": 0, "missing_branches": 0, "percent_branches_covered": 100.0, "percent_branches_covered_display": "100"}, "missing_lines": [], "excluded_lines": [], "start_line": 1, "executed_branches": [], "missing_branches": []}}, "classes": {"": {"executed_lines": [3, 4, 5, 6, 7, 8, 9, 10, 11, 12, 13, 15], "summary": {"covered_lines": 12, "num_statements": 12, "percent_covered": 100.0, "percent_covered_display": "100", "missing_lines": 0, "excluded_lines": 0, "percent_statements_covered": 100.0, "percent_statements_covered_display": "100", "num_branches": 0, "num_partial_branches": 0, "covered_branches": 0, "missing_branches": 0, "percent_branches_covered": 100.0, "percent_branches_covered_display": "100"}, "missing_lines": [], "excluded_lines": [], "start_line": 1, "executed_branches": [], "missing_branches": []}}}, "src/gguf_sync/backends/base.py": {"executed_lines": [3, 5, 6, 7, 8, 9, 10, 11, 12, 13, 15, 16, 17, 19, 22, 23, 26, 27, 28, 29, 30, 31, 34, 35, 49, 50, 51, 52, 53, 54, 55, 56, 59, 61, 62, 63, 64, 65, 69, 72, 78, 81, 83, 84, 86, 89, 90, 93, 95, 96, 98, 101, 102, 113, 142, 144, 145, 147, 148, 149, 150, 151, 152, 156, 157, 158, 159, 161, 162, 163, 165, 166, 167, 168, 169, 170, 175, 176, 179, 190, 191, 192, 215, 216, 217, 223, 225, 226, 228, 229, 231, 232, 234, 235, 236, 237, 238, 239, 241, 242, 243, 244, 249, 250, 254, 264, 268, 271, 272, 275, 276, 277, 278, 279, 280, 283, 284, 287, 288, 289, 290, 291, 292, 293, 294, 297, 300, 302, 308, 309, 310, 312, 313, 314, 318, 319, 325, 327, 329, 330, 352, 353, 364, 366, 369, 370, 371, 373, 377, 383, 384, 385, 387, 393, 394, 395, 397, 401, 420, 430, 431, 434, 435, 436, 437, 452, 470, 471, 472, 473, 474, 475, 476, 485, 487, 495, 514, 526, 528, 529, 531, 532, 544, 553, 554, 558, 568, 571, 581, 582, 583, 585, 587, 588, 594, 610, 612, 613, 622, 623, 629, 630, 631, 639, 650, 652, 668, 669, 671, 674, 675, 678, 679, 680, 684, 686, 696, 697, 714, 730, 732, 733], "summary": {"covered_lines": 222, "num_statements": 334, "percent_covered": 61.276595744680854, "percent_covered_display": "61", "missing_lines": 112, "excluded_lines": 0, "percent_statements_covered": 66.46706586826348, "percent_statements_covered_display": "66", "num_branches": 136, "num_partial_branches": 32, "covered_branches": 66, "missing_branches": 70, "percent_branches_covered": 48.529411764705884, "percent_branches_covered_display": "49"}, "missing_lines": [66, 67, 85, 87, 97, 99, 115, 116, 122, 128, 130, 131, 132, 133, 134, 135, 136, 137, 138, 139, 171, 172, 173, 177, 193, 194, 195, 196, 197, 198, 199, 200, 202, 203, 204, 227, 230, 251, 252, 265, 266, 316, 326, 350, 362, 367, 375, 398, 399, 421, 445, 447, 448, 450, 453, 461, 477, 479, 480, 482, 483, 503, 504, 505, 506, 535, 536, 539, 541, 542, 555, 556, 569, 572, 579, 590, 591, 592, 614, 619, 620, 632, 633, 634, 635, 637, 640, 641, 647, 648, 672, 676, 682, 699, 700, 701, 703, 704, 705, 706, 708, 709, 710, 711, 712, 736, 738, 740, 741, 743, 744, 746], "excluded_lines": [], "executed_branches": [[84, 86], [86, 89], [96, 98], [98, 101], [148, 149], [148, 165], [156, 157], [156, 158], [158, 159], [158, 161], [162, 148], [162, 163], [165, 166], [165, 190], [168, 169], [169, 170], [169, 175], [170, 169], [176, 179], [190, 191], [190, 215], [192, 190], [215, 216], [215, 268], [225, 226], [225, 268], [226, 228], [229, 231], [234, 225], [234, 235], [235, 234], [235, 236], [238, 239], [242, 243], [325, 327], [366, 369], [383, -377], [383, 384], [394, 395], [394, 397], [420, 430], [430, 431], [435, 436], [435, 452], [436, 437], [452, 470], [472, 473], [531, 532], [568, 571], [571, 581], [582, 583], [582, 585], [612, 613], [612, 639], [613, 622], [629, 630], [630, 631], [639, 650], [671, 674], [674, 675], [674, 684], [675, 678], [678, 679], [679, 680], [696, 697], [732, 733]], "missing_branches": [[84, 85], [86, 87], [96, 97], [98, 99], [130, 131], [130, 139], [131, 130], [131, 132], [133, 131], [133, 134], [135, 131], [135, 136], [168, 175], [170, 171], [176, 177], [192, 193], [195, 196], [195, 202], [196, 197], [196, 202], [197, 196], [197, 198], [202, 190], [202, 203], [226, 227], [229, 230], [238, 241], [242, 254], [325, 326], [366, 367], [420, 421], [430, 434], [436, 445], [445, 447], [445, 452], [447, 448], [447, 450], [452, 453], [472, 482], [531, 535], [535, 536], [535, 539], [568, 569], [571, 572], [613, 614], [629, 637], [630, 632], [632, 633], [632, 634], [634, 612], [634, 635], [639, 640], [647, 648], [647, 650], [671, 672], [675, 676], [678, 674], [679, 682], [696, 699], [700, 701], [700, 705], [705, -686], [705, 706], [732, 736], [738, 740], [738, 746], [740, 741], [740, 743], [743, 738], [743, 744]], "functions": {"_check_port": {"executed_lines": [61, 62, 63, 64, 65, 69], "summary": {"covered_lines": 6, "num_statements": 8, "percent_covered": 75.0, "percent_covered_display": "75", "missing_lines": 2, "excluded_lines": 0, "percent_statements_covered": 75.0, "percent_statements_covered_display": "75", "num_branches": 0, "num_partial_branches": 0, "covered_branches": 0, "missing_branches": 0, "percent_branches_covered": 100.0, "percent_branches_covered_display": "100"}, "missing_lines": [66, 67], "excluded_lines": [], "start_line": 59, "executed_branches": [], "missing_branches": []}, "_get_system_info": {"executed_lines": [78], "summary": {"covered_lines": 1, "num_statements": 1, "percent_covered": 100.0, "percent_covered_display": "100", "missing_lines": 0, "excluded_lines": 0, "percent_statements_covered": 100.0, "percent_statements_covered_display": "100", "num_branches": 0, "num_partial_branches": 0, "covered_branches": 0, "missing_branches": 0, "percent_branches_covered": 100.0, "percent_branches_covered_display": "100"}, "missing_lines": [], "excluded_lines": [], "start_line": 72, "executed_branches": [], "missing_branches": []}, "_get_config_dir": {"executed_lines": [83, 84, 86, 89, 90], "summary": {"covered_lines": 5, "num_statements": 7, "percent_covered": 63.63636363636363, "percent_covered_display": "64", "missing_lines": 2, "excluded_lines": 0, "percent_statements_covered": 71.42857142857143, "percent_statements_covered_display": "71", "num_branches": 4, "num_partial_branches": 2, "covered_branches": 2, "missing_branches": 2, "percent_branches_covered": 50.0, "percent_branches_covered_display": "50"}, "missing_lines": [85, 87], "excluded_lines": [], "start_line": 81, "executed_branches": [[84, 86], [86, 89]], "missing_branches": [[84, 85], [86, 87]]}, "_get_data_dir": {"executed_lines": [95, 96, 98, 101, 102], "summary": {"covered_lines": 5, "num_statements": 7, "percent_covered": 63.63636363636363, "percent_covered_display": "64", "missing_lines": 2, "excluded_lines": 0, "percent_statements_covered": 71.42857142857143, "percent_statements_covered_display": "71", "num_branches": 4, "num_partial_branches": 2, "covered_branches": 2, "missing_branches": 2, "percent_branches_covered": 50.0, "percent_branches_covered_display": "50"}, "missing_lines": [97, 99], "excluded_lines": [], "start_line": 93, "executed_branches": [[96, 98], [98, 101]], "missing_branches": [[96, 97], [98, 99]]}, "_get_data_dir._resolve_path": {"executed_lines": [], "summary": {"covered_lines": 0, "num_statements": 0, "percent_covered": 100.0, "percent_covered_display": "100", "missing_lines": 0, "excluded_lines": 0, "percent_statements_covered": 100.0, "percent_statements_covered_display": "100", "num_branches": 0, "num_partial_branches": 0, "covered_branches": 0, "missing_branches": 0, "percent_branches_covered": 100.0, "percent_branches_covered_display": "100"}, "missing_lines": [], "excluded_lines": [], "start_line": 104, "executed_branches": [], "missing_branches": []}, "_find_process_model_dir": {"executed_lines": [], "summary": {"covered_lines": 0, "num_statements": 14, "percent_covered": 0.0, "percent_covered_display": "0", "missing_lines": 14, "excluded_lines": 0, "percent_statements_covered": 0.0, "percent_statements_covered_display": "0", "num_branches": 8, "num_partial_branches": 0, "covered_branches": 0, "missing_branches": 8, "percent_branches_covered": 0.0, "percent_branches_covered_display": "0"}, "missing_lines": [115, 116, 122, 128, 130, 131, 132, 133, 134, 135, 136, 137, 138, 139], "excluded_lines": [], "start_line": 113, "executed_branches": [], "missing_branches": [[130, 131], [130, 139], [131, 130], [131, 132], [133, 131], [133, 134], [135, 131], [135, 136]]}, "_discover_from_config": {"executed_lines": [144, 145, 147, 148, 149, 150, 151, 152, 156, 157, 158, 159, 161, 162, 163, 165, 166, 167, 168, 169, 170, 175, 176, 179, 190, 191, 192, 215, 216, 217, 223, 225, 226, 228, 229, 231, 232, 234, 235, 236, 237, 238, 239, 241, 242, 243, 244, 249, 250, 254, 264, 268], "summary": {"covered_lines": 52, "num_statements": 73, "percent_covered": 68.90756302521008, "percent_covered_display": "69", "missing_lines": 21, "excluded_lines": 0, "percent_statements_covered": 71.23287671232876, "percent_statements_covered_display": "71", "num_branches": 46, "num_partial_branches": 8, "covered_branches": 30, "missing_branches": 16, "percent_branches_covered": 65.21739130434783, "percent_branches_covered_display": "65"}, "missing_lines": [171, 172, 173, 177, 193, 194, 195, 196, 197, 198, 199, 200, 202, 203, 204, 227, 230, 251, 252, 265, 266], "excluded_lines": [], "start_line": 142, "executed_branches": [[148, 149], [148, 165], [156, 157], [156, 158], [158, 159], [158, 161], [162, 148], [162, 163], [165, 166], [165, 190], [168, 169], [169, 170], [169, 175], [170, 169], [176, 179], [190, 191], [190, 215], [192, 190], [215, 216], [215, 268], [225, 226], [225, 268], [226, 228], [229, 231], [234, 225], [234, 235], [235, 234], [235, 236], [238, 239], [242, 243]], "missing_branches": [[168, 175], [170, 171], [176, 177], [192, 193], [195, 196], [195, 202], [196, 197], [196, 202], [197, 196], [197, 198], [202, 190], [202, 203], [226, 227], [229, 230], [238, 241], [242, 254]]}, "Backend.__init__": {"executed_lines": [308, 309, 310], "summary": {"covered_lines": 3, "num_statements": 3, "percent_covered": 100.0, "percent_covered_display": "100", "missing_lines": 0, "excluded_lines": 0, "percent_statements_covered": 100.0, "percent_statements_covered_display": "100", "num_branches": 0, "num_partial_branches": 0, "covered_branches": 0, "missing_branches": 0, "percent_branches_covered": 100.0, "percent_branches_covered_display": "100"}, "missing_lines": [], "excluded_lines": [], "start_line": 302, "executed_branches": [], "missing_branches": []}, "Backend.name": {"executed_lines": [], "summary": {"covered_lines": 0, "num_statements": 1, "percent_covered": 0.0, "percent_covered_display": "0", "missing_lines": 1, "excluded_lines": 0, "percent_statements_covered": 0.0, "percent_statements_covered_display": "0", "num_branches": 0, "num_partial_branches": 0, "covered_branches": 0, "missing_branches": 0, "percent_branches_covered": 100.0, "percent_branches_covered_display": "100"}, "missing_lines": [316], "excluded_lines": [], "start_line": 314, "executed_branches": [], "missing_branches": []}, "Backend.discover": {"executed_lines": [325, 327], "summary": {"covered_lines": 2, "num_statements": 3, "percent_covered": 60.0, "percent_covered_display": "60", "missing_lines": 1, "excluded_lines": 0, "percent_statements_covered": 66.66666666666667, "percent_statements_covered_display": "67", "num_branches": 2, "num_partial_branches": 1, "covered_branches": 1, "missing_branches": 1, "percent_branches_covered": 50.0, "percent_branches_covered_display": "50"}, "missing_lines": [326], "excluded_lines": [], "start_line": 319, "executed_branches": [[325, 327]], "missing_branches": [[325, 326]]}, "Backend.sync_group": {"executed_lines": [], "summary": {"covered_lines": 0, "num_statements": 1, "percent_covered": 0.0, "percent_covered_display": "0", "missing_lines": 1, "excluded_lines": 0, "percent_statements_covered": 0.0, "percent_statements_covered_display": "0", "num_branches": 0, "num_partial_branches": 0, "covered_branches": 0, "missing_branches": 0, "percent_branches_covered": 100.0, "percent_branches_covered_display": "100"}, "missing_lines": [350], "excluded_lines": [], "start_line": 330, "executed_branches": [], "missing_branches": []}, "Backend.remove_group": {"executed_lines": [], "summary": {"covered_lines": 0, "num_statements": 1, "percent_covered": 0.0, "percent_covered_display": "0", "missing_lines": 1, "excluded_lines": 0, "percent_statements_covered": 0.0, "percent_statements_covered_display": "0", "num_branches": 0, "num_partial_branches": 0, "covered_branches": 0, "missing_branches": 0, "percent_branches_covered": 100.0, "percent_branches_covered_display": "100"}, "missing_lines": [362], "excluded_lines": [], "start_line": 353, "executed_branches": [], "missing_branches": []}, "Backend.setup": {"executed_lines": [366, 369, 370, 371], "summary": {"covered_lines": 4, "num_statements": 5, "percent_covered": 71.42857142857143, "percent_covered_display": "71", "missing_lines": 1, "excluded_lines": 0, "percent_statements_covered": 80.0, "percent_statements_covered_display": "80", "num_branches": 2, "num_partial_branches": 1, "covered_branches": 1, "missing_branches": 1, "percent_branches_covered": 50.0, "percent_branches_covered_display": "50"}, "missing_lines": [367], "excluded_lines": [], "start_line": 364, "executed_branches": [[366, 369]], "missing_branches": [[366, 367]]}, "Backend.cleanup": {"executed_lines": [], "summary": {"covered_lines": 0, "num_statements": 1, "percent_covered": 0.0, "percent_covered_display": "0", "missing_lines": 1, "excluded_lines": 0, "percent_statements_covered": 0.0, "percent_statements_covered_display": "0", "num_branches": 0, "num_partial_branches": 0, "covered_branches": 0, "missing_branches": 0, "percent_branches_covered": 100.0, "percent_branches_covered_display": "100"}, "missing_lines": [375], "excluded_lines": [], "start_line": 373, "executed_branches": [], "missing_branches": []}, "Backend._ensure_dir": {"executed_lines": [383, 384, 385], "summary": {"covered_lines": 3, "num_statements": 3, "percent_covered": 100.0, "percent_covered_display": "100", "missing_lines": 0, "excluded_lines": 0, "percent_statements_covered": 100.0, "percent_statements_covered_display": "100", "num_branches": 2, "num_partial_branches": 0, "covered_branches": 2, "missing_branches": 0, "percent_branches_covered": 100.0, "percent_branches_covered_display": "100"}, "missing_lines": [], "excluded_lines": [], "start_line": 377, "executed_branches": [[383, -377], [383, 384]], "missing_branches": []}, "Backend._set_permissions": {"executed_lines": [393, 394, 395, 397], "summary": {"covered_lines": 4, "num_statements": 6, "percent_covered": 75.0, "percent_covered_display": "75", "missing_lines": 2, "excluded_lines": 0, "percent_statements_covered": 66.66666666666667, "percent_statements_covered_display": "67", "num_branches": 2, "num_partial_branches": 0, "covered_branches": 2, "missing_branches": 0, "percent_branches_covered": 100.0, "percent_branches_covered_display": "100"}, "missing_lines": [398, 399], "excluded_lines": [], "start_line": 387, "executed_branches": [[394, 395], [394, 397]], "missing_branches": []}, "Backend._create_link": {"executed_lines": [420, 430, 431, 434, 435, 436, 437, 452, 470, 471, 472, 473, 474, 475, 476, 485, 487, 495], "summary": {"covered_lines": 18, "num_statements": 34, "percent_covered": 50.0, "percent_covered_display": "50", "missing_lines": 16, "excluded_lines": 0, "percent_statements_covered": 52.94117647058823, "percent_statements_covered_display": "53", "num_branches": 16, "num_partial_branches": 5, "covered_branches": 7, "missing_branches": 9, "percent_branches_covered": 43.75, "percent_branches_covered_display": "44"}, "missing_lines": [421, 445, 447, 448, 450, 453, 461, 477, 479, 480, 482, 483, 503, 504, 505, 506], "excluded_lines": [], "start_line": 401, "executed_branches": [[420, 430], [430, 431], [435, 436], [435, 452], [436, 437], [452, 470], [472, 473]], "missing_branches": [[420, 421], [430, 434], [436, 445], [445, 447], [445, 452], [447, 448], [447, 450], [452, 453], [472, 482]]}, "Backend._is_same_file": {"executed_lines": [526, 528, 529, 531, 532], "summary": {"covered_lines": 5, "num_statements": 10, "percent_covered": 42.857142857142854, "percent_covered_display": "43", "missing_lines": 5, "excluded_lines": 0, "percent_statements_covered": 50.0, "percent_statements_covered_display": "50", "num_branches": 4, "num_partial_branches": 1, "covered_branches": 1, "missing_branches": 3, "percent_branches_covered": 25.0, "percent_branches_covered_display": "25"}, "missing_lines": [535, 536, 539, 541, 542], "excluded_lines": [], "start_line": 514, "executed_branches": [[531, 532]], "missing_branches": [[531, 535], [535, 536], [535, 539]]}, "Backend._is_hardlink": {"executed_lines": [553, 554], "summary": {"covered_lines": 2, "num_statements": 4, "percent_covered": 50.0, "percent_covered_display": "50", "missing_lines": 2, "excluded_lines": 0, "percent_statements_covered": 50.0, "percent_statements_covered_display": "50", "num_branches": 0, "num_partial_branches": 0, "covered_branches": 0, "missing_branches": 0, "percent_branches_covered": 100.0, "percent_branches_covered_display": "100"}, "missing_lines": [555, 556], "excluded_lines": [], "start_line": 544, "executed_branches": [], "missing_branches": []}, "Backend._remove_path": {"executed_lines": [568, 571, 581, 582, 583, 585, 587, 588], "summary": {"covered_lines": 8, "num_statements": 14, "percent_covered": 60.0, "percent_covered_display": "60", "missing_lines": 6, "excluded_lines": 0, "percent_statements_covered": 57.142857142857146, "percent_statements_covered_display": "57", "num_branches": 6, "num_partial_branches": 2, "covered_branches": 4, "missing_branches": 2, "percent_branches_covered": 66.66666666666667, "percent_branches_covered_display": "67"}, "missing_lines": [569, 572, 579, 590, 591, 592], "excluded_lines": [], "start_line": 558, "executed_branches": [[568, 571], [571, 581], [582, 583], [582, 585]], "missing_branches": [[568, 569], [571, 572]]}, "Backend._link_model_files": {"executed_lines": [610, 612, 613, 622, 623, 629, 630, 631, 639, 650], "summary": {"covered_lines": 10, "num_statements": 22, "percent_covered": 42.10526315789474, "percent_covered_display": "42", "missing_lines": 12, "excluded_lines": 0, "percent_statements_covered": 45.45454545454545, "percent_statements_covered_display": "45", "num_branches": 16, "num_partial_branches": 4, "covered_branches": 6, "missing_branches": 10, "percent_branches_covered": 37.5, "percent_branches_covered_display": "38"}, "missing_lines": [614, 619, 620, 632, 633, 634, 635, 637, 640, 641, 647, 648], "excluded_lines": [], "start_line": 594, "executed_branches": [[612, 613], [612, 639], [613, 622], [629, 630], [630, 631], [639, 650]], "missing_branches": [[613, 614], [629, 637], [630, 632], [632, 633], [632, 634], [634, 612], [634, 635], [639, 640], [647, 648], [647, 650]]}, "Backend._cleanup_orphans_simple": {"executed_lines": [668, 669, 671, 674, 675, 678, 679, 680, 684], "summary": {"covered_lines": 9, "num_statements": 12, "percent_covered": 68.18181818181819, "percent_covered_display": "68", "missing_lines": 3, "excluded_lines": 0, "percent_statements_covered": 75.0, "percent_statements_covered_display": "75", "num_branches": 10, "num_partial_branches": 4, "covered_branches": 6, "missing_branches": 4, "percent_branches_covered": 60.0, "percent_branches_covered_display": "60"}, "missing_lines": [672, 676, 682], "excluded_lines": [], "start_line": 652, "executed_branches": [[671, 674], [674, 675], [674, 684], [675, 678], [678, 679], [679, 680]], "missing_branches": [[671, 672], [675, 676], [678, 674], [679, 682]]}, "Backend._load_existing_config": {"executed_lines": [696, 697], "summary": {"covered_lines": 2, "num_statements": 14, "percent_covered": 15.0, "percent_covered_display": "15", "missing_lines": 12, "excluded_lines": 0, "percent_statements_covered": 14.285714285714286, "percent_statements_covered_display": "14", "num_branches": 6, "num_partial_branches": 1, "covered_branches": 1, "missing_branches": 5, "percent_branches_covered": 16.666666666666668, "percent_branches_covered_display": "17"}, "missing_lines": [699, 700, 701, 703, 704, 705, 706, 708, 709, 710, 711, 712], "excluded_lines": [], "start_line": 686, "executed_branches": [[696, 697]], "missing_branches": [[696, 699], [700, 701], [700, 705], [705, -686], [705, 706]]}, "Backend._merge_config": {"executed_lines": [730, 732, 733], "summary": {"covered_lines": 3, "num_statements": 10, "percent_covered": 22.22222222222222, "percent_covered_display": "22", "missing_lines": 7, "excluded_lines": 0, "percent_statements_covered": 30.0, "percent_statements_covered_display": "30", "num_branches": 8, "num_partial_branches": 1, "covered_branches": 1, "missing_branches": 7, "percent_branches_covered": 12.5, "percent_branches_covered_display": "12"}, "missing_lines": [736, 738, 740, 741, 743, 744, 746], "excluded_lines": [], "start_line": 714, "executed_branches": [[732, 733]], "missing_branches": [[732, 736], [738, 740], [738, 746], [740, 741], [740, 743], [743, 738], [743, 744]]}, "": {"executed_lines": [3, 5, 6, 7, 8, 9, 10, 11, 12, 13, 15, 16, 17, 19, 22, 23, 26, 27, 28, 29, 30, 31, 34, 35, 49, 50, 51, 52, 53, 54, 55, 56, 59, 72, 81, 93, 113, 142, 271, 272, 275, 276, 277, 278, 279, 280, 283, 284, 287, 288, 289, 290, 291, 292, 293, 294, 297, 300, 302, 312, 313, 314, 318, 319, 329, 330, 352, 353, 364, 373, 377, 387, 401, 514, 544, 558, 594, 652, 686, 714], "summary": {"covered_lines": 80, "num_statements": 80, "percent_covered": 100.0, "percent_covered_display": "100", "missing_lines": 0, "excluded_lines": 0, "percent_statements_covered": 100.0, "percent_statements_covered_display": "100", "num_branches": 0, "num_partial_branches": 0, "covered_branches": 0, "missing_branches": 0, "percent_branches_covered": 100.0, "percent_branches_covered_display": "100"}, "missing_lines": [], "excluded_lines": [], "start_line": 1, "executed_branches": [], "missing_branches": []}}, "classes": {"DiscoveredBackend": {"executed_lines": [], "summary": {"covered_lines": 0, "num_statements": 0, "percent_covered": 100.0, "percent_covered_display": "100", "missing_lines": 0, "excluded_lines": 0, "percent_statements_covered": 100.0, "percent_statements_covered_display": "100", "num_branches": 0, "num_partial_branches": 0, "covered_branches": 0, "missing_branches": 0, "percent_branches_covered": 100.0, "percent_branches_covered_display": "100"}, "missing_lines": [], "excluded_lines": [], "start_line": 23, "executed_branches": [], "missing_branches": []}, "BackendDiscoveryConfig": {"executed_lines": [], "summary": {"covered_lines": 0, "num_statements": 0, "percent_covered": 100.0, "percent_covered_display": "100", "missing_lines": 0, "excluded_lines": 0, "percent_statements_covered": 100.0, "percent_statements_covered_display": "100", "num_branches": 0, "num_partial_branches": 0, "covered_branches": 0, "missing_branches": 0, "percent_branches_covered": 100.0, "percent_branches_covered_display": "100"}, "missing_lines": [], "excluded_lines": [], "start_line": 35, "executed_branches": [], "missing_branches": []}, "LinkResult": {"executed_lines": [], "summary": {"covered_lines": 0, "num_statements": 0, "percent_covered": 100.0, "percent_covered_display": "100", "missing_lines": 0, "excluded_lines": 0, "percent_statements_covered": 100.0, "percent_statements_covered_display": "100", "num_branches": 0, "num_partial_branches": 0, "covered_branches": 0, "missing_branches": 0, "percent_branches_covered": 100.0, "percent_branches_covered_display": "100"}, "missing_lines": [], "excluded_lines": [], "start_line": 272, "executed_branches": [], "missing_branches": []}, "BackendResult": {"executed_lines": [], "summary": {"covered_lines": 0, "num_statements": 0, "percent_covered": 100.0, "percent_covered_display": "100", "missing_lines": 0, "excluded_lines": 0, "percent_statements_covered": 100.0, "percent_statements_covered_display": "100", "num_branches": 0, "num_partial_branches": 0, "covered_branches": 0, "missing_branches": 0, "percent_branches_covered": 100.0, "percent_branches_covered_display": "100"}, "missing_lines": [], "excluded_lines": [], "start_line": 284, "executed_branches": [], "missing_branches": []}, "Backend": {"executed_lines": [308, 309, 310, 325, 327, 366, 369, 370, 371, 383, 384, 385, 393, 394, 395, 397, 420, 430, 431, 434, 435, 436, 437, 452, 470, 471, 472, 473, 474, 475, 476, 485, 487, 495, 526, 528, 529, 531, 532, 553, 554, 568, 571, 581, 582, 583, 585, 587, 588, 610, 612, 613, 622, 623, 629, 630, 631, 639, 650, 668, 669, 671, 674, 675, 678, 679, 680, 684, 696, 697, 730, 732, 733], "summary": {"covered_lines": 73, "num_statements": 144, "percent_covered": 48.1651376146789, "percent_covered_display": "48", "missing_lines": 71, "excluded_lines": 0, "percent_statements_covered": 50.69444444444444, "percent_statements_covered_display": "51", "num_branches": 74, "num_partial_branches": 20, "covered_branches": 32, "missing_branches": 42, "percent_branches_covered": 43.24324324324324, "percent_branches_covered_display": "43"}, "missing_lines": [316, 326, 350, 362, 367, 375, 398, 399, 421, 445, 447, 448, 450, 453, 461, 477, 479, 480, 482, 483, 503, 504, 505, 506, 535, 536, 539, 541, 542, 555, 556, 569, 572, 579, 590, 591, 592, 614, 619, 620, 632, 633, 634, 635, 637, 640, 641, 647, 648, 672, 676, 682, 699, 700, 701, 703, 704, 705, 706, 708, 709, 710, 711, 712, 736, 738, 740, 741, 743, 744, 746], "excluded_lines": [], "start_line": 297, "executed_branches": [[325, 327], [366, 369], [383, -377], [383, 384], [394, 395], [394, 397], [420, 430], [430, 431], [435, 436], [435, 452], [436, 437], [452, 470], [472, 473], [531, 532], [568, 571], [571, 581], [582, 583], [582, 585], [612, 613], [612, 639], [613, 622], [629, 630], [630, 631], [639, 650], [671, 674], [674, 675], [674, 684], [675, 678], [678, 679], [679, 680], [696, 697], [732, 733]], "missing_branches": [[325, 326], [366, 367], [420, 421], [430, 434], [436, 445], [445, 447], [445, 452], [447, 448], [447, 450], [452, 453], [472, 482], [531, 535], [535, 536], [535, 539], [568, 569], [571, 572], [613, 614], [629, 637], [630, 632], [632, 633], [632, 634], [634, 612], [634, 635], [639, 640], [647, 648], [647, 650], [671, 672], [675, 676], [678, 674], [679, 682], [696, 699], [700, 701], [700, 705], [705, -686], [705, 706], [732, 736], [738, 740], [738, 746], [740, 741], [740, 743], [743, 738], [743, 744]]}, "": {"executed_lines": [3, 5, 6, 7, 8, 9, 10, 11, 12, 13, 15, 16, 17, 19, 22, 23, 26, 27, 28, 29, 30, 31, 34, 35, 49, 50, 51, 52, 53, 54, 55, 56, 59, 61, 62, 63, 64, 65, 69, 72, 78, 81, 83, 84, 86, 89, 90, 93, 95, 96, 98, 101, 102, 113, 142, 144, 145, 147, 148, 149, 150, 151, 152, 156, 157, 158, 159, 161, 162, 163, 165, 166, 167, 168, 169, 170, 175, 176, 179, 190, 191, 192, 215, 216, 217, 223, 225, 226, 228, 229, 231, 232, 234, 235, 236, 237, 238, 239, 241, 242, 243, 244, 249, 250, 254, 264, 268, 271, 272, 275, 276, 277, 278, 279, 280, 283, 284, 287, 288, 289, 290, 291, 292, 293, 294, 297, 300, 302, 312, 313, 314, 318, 319, 329, 330, 352, 353, 364, 373, 377, 387, 401, 514, 544, 558, 594, 652, 686, 714], "summary": {"covered_lines": 149, "num_statements": 190, "percent_covered": 72.61904761904762, "percent_covered_display": "73", "missing_lines": 41, "excluded_lines": 0, "percent_statements_covered": 78.42105263157895, "percent_statements_covered_display": "78", "num_branches": 62, "num_partial_branches": 12, "covered_branches": 34, "missing_branches": 28, "percent_branches_covered": 54.83870967741935, "percent_branches_covered_display": "55"}, "missing_lines": [66, 67, 85, 87, 97, 99, 115, 116, 122, 128, 130, 131, 132, 133, 134, 135, 136, 137, 138, 139, 171, 172, 173, 177, 193, 194, 195, 196, 197, 198, 199, 200, 202, 203, 204, 227, 230, 251, 252, 265, 266], "excluded_lines": [], "start_line": 1, "executed_branches": [[84, 86], [86, 89], [96, 98], [98, 101], [148, 149], [148, 165], [156, 157], [156, 158], [158, 159], [158, 161], [162, 148], [162, 163], [165, 166], [165, 190], [168, 169], [169, 170], [169, 175], [170, 169], [176, 179], [190, 191], [190, 215], [192, 190], [215, 216], [215, 268], [225, 226], [225, 268], [226, 228], [229, 231], [234, 225], [234, 235], [235, 234], [235, 236], [238, 239], [242, 243]], "missing_branches": [[84, 85], [86, 87], [96, 97], [98, 99], [130, 131], [130, 139], [131, 130], [131, 132], [133, 131], [133, 134], [135, 131], [135, 136], [168, 175], [170, 171], [176, 177], [192, 193], [195, 196], [195, 202], [196, 197], [196, 202], [197, 196], [197, 198], [202, 190], [202, 203], [226, 227], [229, 230], [238, 241], [242, 254]]}}}, "src/gguf_sync/backends/gpt4all.py": {"executed_lines": [3, 5, 7, 8, 9, 14, 17, 24, 37, 43, 44, 46, 47, 51, 53, 55, 58, 59, 61, 62, 63, 65, 87, 90, 91, 94, 95, 98, 99, 108, 109, 115, 116, 117, 126, 138, 139, 141, 143, 170, 177, 178, 180, 184, 185, 188, 189, 199, 204, 223, 225, 229, 230, 233, 235, 237, 238, 240, 241, 243], "summary": {"covered_lines": 60, "num_statements": 107, "percent_covered": 44.785276073619634, "percent_covered_display": "45", "missing_lines": 47, "excluded_lines": 2, "percent_statements_covered": 56.074766355140184, "percent_statements_covered_display": "56", "num_branches": 56, "num_partial_branches": 11, "covered_branches": 13, "missing_branches": 43, "percent_branches_covered": 23.214285714285715, "percent_branches_covered_display": "23"}, "missing_lines": [49, 56, 88, 100, 105, 106, 118, 119, 120, 121, 123, 127, 128, 134, 135, 152, 155, 156, 157, 158, 160, 163, 164, 165, 166, 168, 181, 182, 226, 231, 252, 254, 255, 258, 259, 260, 262, 263, 264, 266, 269, 270, 271, 273, 274, 275, 277], "excluded_lines": [11, 12], "executed_branches": [[55, 58], [61, 62], [87, 90], [98, 99], [98, 126], [99, 108], [115, 116], [116, 117], [126, 138], [138, 139], [180, 184], [225, 229], [230, 233]], "missing_branches": [[55, 56], [61, -51], [87, 88], [99, 100], [115, 123], [116, 118], [118, 119], [118, 120], [120, 98], [120, 121], [126, 127], [134, 135], [134, 138], [138, 141], [156, 157], [156, 163], [157, 158], [157, 160], [163, 164], [163, 168], [165, 166], [165, 168], [180, 181], [225, 226], [230, 231], [254, 255], [254, 258], [258, 259], [258, 269], [259, 260], [259, 262], [262, 258], [262, 263], [263, 264], [263, 266], [269, 270], [269, 277], [270, 271], [270, 277], [273, 270], [273, 274], [274, 270], [274, 275]], "functions": {"GPT4AllBackend.__init__": {"executed_lines": [43, 44], "summary": {"covered_lines": 2, "num_statements": 2, "percent_covered": 100.0, "percent_covered_display": "100", "missing_lines": 0, "excluded_lines": 0, "percent_statements_covered": 100.0, "percent_statements_covered_display": "100", "num_branches": 0, "num_partial_branches": 0, "covered_branches": 0, "missing_branches": 0, "percent_branches_covered": 100.0, "percent_branches_covered_display": "100"}, "missing_lines": [], "excluded_lines": [], "start_line": 37, "executed_branches": [], "missing_branches": []}, "GPT4AllBackend.name": {"executed_lines": [], "summary": {"covered_lines": 0, "num_statements": 1, "percent_covered": 0.0, "percent_covered_display": "0", "missing_lines": 1, "excluded_lines": 0, "percent_statements_covered": 0.0, "percent_statements_covered_display": "0", "num_branches": 0, "num_partial_branches": 0, "covered_branches": 0, "missing_branches": 0, "percent_branches_covered": 100.0, "percent_branches_covered_display": "100"}, "missing_lines": [49], "excluded_lines": [], "start_line": 47, "executed_branches": [], "missing_branches": []}, "GPT4AllBackend.setup": {"executed_lines": [53, 55, 58, 59, 61, 62, 63], "summary": {"covered_lines": 7, "num_statements": 8, "percent_covered": 75.0, "percent_covered_display": "75", "missing_lines": 1, "excluded_lines": 0, "percent_statements_covered": 87.5, "percent_statements_covered_display": "88", "num_branches": 4, "num_partial_branches": 2, "covered_branches": 2, "missing_branches": 2, "percent_branches_covered": 50.0, "percent_branches_covered_display": "50"}, "missing_lines": [56], "excluded_lines": [], "start_line": 51, "executed_branches": [[55, 58], [61, 62]], "missing_branches": [[55, 56], [61, -51]]}, "GPT4AllBackend.sync_group": {"executed_lines": [87, 90, 91, 94, 95, 98, 99, 108, 109, 115, 116, 117, 126, 138, 139, 141], "summary": {"covered_lines": 16, "num_statements": 29, "percent_covered": 48.97959183673469, "percent_covered_display": "49", "missing_lines": 13, "excluded_lines": 0, "percent_statements_covered": 55.172413793103445, "percent_statements_covered_display": "55", "num_branches": 20, "num_partial_branches": 6, "covered_branches": 8, "missing_branches": 12, "percent_branches_covered": 40.0, "percent_branches_covered_display": "40"}, "missing_lines": [88, 100, 105, 106, 118, 119, 120, 121, 123, 127, 128, 134, 135], "excluded_lines": [], "start_line": 65, "executed_branches": [[87, 90], [98, 99], [98, 126], [99, 108], [115, 116], [116, 117], [126, 138], [138, 139]], "missing_branches": [[87, 88], [99, 100], [115, 123], [116, 118], [118, 119], [118, 120], [120, 98], [120, 121], [126, 127], [134, 135], [134, 138], [138, 141]]}, "GPT4AllBackend.remove_group": {"executed_lines": [], "summary": {"covered_lines": 0, "num_statements": 11, "percent_covered": 0.0, "percent_covered_display": "0", "missing_lines": 11, "excluded_lines": 0, "percent_statements_covered": 0.0, "percent_statements_covered_display": "0", "num_branches": 8, "num_partial_branches": 0, "covered_branches": 0, "missing_branches": 8, "percent_branches_covered": 0.0, "percent_branches_covered_display": "0"}, "missing_lines": [152, 155, 156, 157, 158, 160, 163, 164, 165, 166, 168], "excluded_lines": [], "start_line": 143, "executed_branches": [], "missing_branches": [[156, 157], [156, 163], [157, 158], [157, 160], [163, 164], [163, 168], [165, 166], [165, 168]]}, "GPT4AllBackend._generate_config": {"executed_lines": [177, 178, 180, 184, 185, 188, 189, 199, 204, 223, 225, 229, 230, 233, 235, 237, 238, 240, 241], "summary": {"covered_lines": 19, "num_statements": 23, "percent_covered": 75.86206896551724, "percent_covered_display": "76", "missing_lines": 4, "excluded_lines": 0, "percent_statements_covered": 82.6086956521739, "percent_statements_covered_display": "83", "num_branches": 6, "num_partial_branches": 3, "covered_branches": 3, "missing_branches": 3, "percent_branches_covered": 50.0, "percent_branches_covered_display": "50"}, "missing_lines": [181, 182, 226, 231], "excluded_lines": [], "start_line": 170, "executed_branches": [[180, 184], [225, 229], [230, 233]], "missing_branches": [[180, 181], [225, 226], [230, 231]]}, "GPT4AllBackend.cleanup_orphans": {"executed_lines": [], "summary": {"covered_lines": 0, "num_statements": 17, "percent_covered": 0.0, "percent_covered_display": "0", "missing_lines": 17, "excluded_lines": 0, "percent_statements_covered": 0.0, "percent_statements_covered_display": "0", "num_branches": 18, "num_partial_branches": 0, "covered_branches": 0, "missing_branches": 18, "percent_branches_covered": 0.0, "percent_branches_covered_display": "0"}, "missing_lines": [252, 254, 255, 258, 259, 260, 262, 263, 264, 266, 269, 270, 271, 273, 274, 275, 277], "excluded_lines": [], "start_line": 243, "executed_branches": [], "missing_branches": [[254, 255], [254, 258], [258, 259], [258, 269], [259, 260], [259, 262], [262, 258], [262, 263], [263, 264], [263, 266], [269, 270], [269, 277], [270, 271], [270, 277], [273, 270], [273, 274], [274, 270], [274, 275]]}, "": {"executed_lines": [3, 5, 7, 8, 9, 14, 17, 24, 37, 46, 47, 51, 65, 143, 170, 243], "summary": {"covered_lines": 16, "num_statements": 16, "percent_covered": 100.0, "percent_covered_display": "100", "missing_lines": 0, "excluded_lines": 2, "percent_statements_covered": 100.0, "percent_statements_covered_display": "100", "num_branches": 0, "num_partial_branches": 0, "covered_branches": 0, "missing_branches": 0, "percent_branches_covered": 100.0, "percent_branches_covered_display": "100"}, "missing_lines": [], "excluded_lines": [11, 12], "start_line": 1, "executed_branches": [], "missing_branches": []}}, "classes": {"GPT4AllBackend": {"executed_lines": [43, 44, 53, 55, 58, 59, 61, 62, 63, 87, 90, 91, 94, 95, 98, 99, 108, 109, 115, 116, 117, 126, 138, 139, 141, 177, 178, 180, 184, 185, 188, 189, 199, 204, 223, 225, 229, 230, 233, 235, 237, 238, 240, 241], "summary": {"covered_lines": 44, "num_statements": 91, "percent_covered": 38.775510204081634, "percent_covered_display": "39", "missing_lines": 47, "excluded_lines": 0, "percent_statements_covered": 48.35164835164835, "percent_statements_covered_display": "48", "num_branches": 56, "num_partial_branches": 11, "covered_branches": 13, "missing_branches": 43, "percent_branches_covered": 23.214285714285715, "percent_branches_covered_display": "23"}, "missing_lines": [49, 56, 88, 100, 105, 106, 118, 119, 120, 121, 123, 127, 128, 134, 135, 152, 155, 156, 157, 158, 160, 163, 164, 165, 166, 168, 181, 182, 226, 231, 252, 254, 255, 258, 259, 260, 262, 263, 264, 266, 269, 270, 271, 273, 274, 275, 277], "excluded_lines": [], "start_line": 17, "executed_branches": [[55, 58], [61, 62], [87, 90], [98, 99], [98, 126], [99, 108], [115, 116], [116, 117], [126, 138], [138, 139], [180, 184], [225, 229], [230, 233]], "missing_branches": [[55, 56], [61, -51], [87, 88], [99, 100], [115, 123], [116, 118], [118, 119], [118, 120], [120, 98], [120, 121], [126, 127], [134, 135], [134, 138], [138, 141], [156, 157], [156, 163], [157, 158], [157, 160], [163, 164], [163, 168], [165, 166], [165, 168], [180, 181], [225, 226], [230, 231], [254, 255], [254, 258], [258, 259], [258, 269], [259, 260], [259, 262], [262, 258], [262, 263], [263, 264], [263, 266], [269, 270], [269, 277], [270, 271], [270, 277], [273, 270], [273, 274], [274, 270], [274, 275]]}, "": {"executed_lines": [3, 5, 7, 8, 9, 14, 17, 24, 37, 46, 47, 51, 65, 143, 170, 243], "summary": {"covered_lines": 16, "num_statements": 16, "percent_covered": 100.0, "percent_covered_display": "100", "missing_lines": 0, "excluded_lines": 2, "percent_statements_covered": 100.0, "percent_statements_covered_display": "100", "num_branches": 0, "num_partial_branches": 0, "covered_branches": 0, "missing_branches": 0, "percent_branches_covered": 100.0, "percent_branches_covered_display": "100"}, "missing_lines": [], "excluded_lines": [11, 12], "start_line": 1, "executed_branches": [], "missing_branches": []}}}, "src/gguf_sync/backends/jan.py": {"executed_lines": [3, 5, 6, 8, 9, 10, 15, 18, 25, 40, 41, 42, 44, 45, 48, 49, 51, 54, 55, 57, 60, 63, 64, 66, 68, 69, 71, 73, 74, 76, 77, 78, 79, 83, 85, 86, 87, 89, 93, 94, 97, 98, 106, 121, 122, 124, 125, 127, 128, 130, 131], "summary": {"covered_lines": 51, "num_statements": 57, "percent_covered": 82.6086956521739, "percent_covered_display": "83", "missing_lines": 6, "excluded_lines": 2, "percent_statements_covered": 89.47368421052632, "percent_statements_covered_display": "89", "num_branches": 12, "num_partial_branches": 6, "covered_branches": 6, "missing_branches": 6, "percent_branches_covered": 50.0, "percent_branches_covered_display": "50"}, "missing_lines": [46, 52, 61, 81, 90, 91], "excluded_lines": [12, 13], "executed_branches": [[51, 54], [60, 63], [68, 69], [77, 78], [78, 79], [89, 93]], "missing_branches": [[51, 52], [60, 61], [68, 71], [77, 83], [78, 81], [89, 90]], "functions": {"JanBackend.__init__": {"executed_lines": [41, 42], "summary": {"covered_lines": 2, "num_statements": 2, "percent_covered": 100.0, "percent_covered_display": "100", "missing_lines": 0, "excluded_lines": 0, "percent_statements_covered": 100.0, "percent_statements_covered_display": "100", "num_branches": 0, "num_partial_branches": 0, "covered_branches": 0, "missing_branches": 0, "percent_branches_covered": 100.0, "percent_branches_covered_display": "100"}, "missing_lines": [], "excluded_lines": [], "start_line": 40, "executed_branches": [], "missing_branches": []}, "JanBackend.name": {"executed_lines": [], "summary": {"covered_lines": 0, "num_statements": 1, "percent_covered": 0.0, "percent_covered_display": "0", "missing_lines": 1, "excluded_lines": 0, "percent_statements_covered": 0.0, "percent_statements_covered_display": "0", "num_branches": 0, "num_partial_branches": 0, "covered_branches": 0, "missing_branches": 0, "percent_branches_covered": 100.0, "percent_branches_covered_display": "100"}, "missing_lines": [46], "excluded_lines": [], "start_line": 45, "executed_branches": [], "missing_branches": []}, "JanBackend.setup": {"executed_lines": [49, 51, 54, 55], "summary": {"covered_lines": 4, "num_statements": 5, "percent_covered": 71.42857142857143, "percent_covered_display": "71", "missing_lines": 1, "excluded_lines": 0, "percent_statements_covered": 80.0, "percent_statements_covered_display": "80", "num_branches": 2, "num_partial_branches": 1, "covered_branches": 1, "missing_branches": 1, "percent_branches_covered": 50.0, "percent_branches_covered_display": "50"}, "missing_lines": [52], "excluded_lines": [], "start_line": 48, "executed_branches": [[51, 54]], "missing_branches": [[51, 52]]}, "JanBackend.sync_group": {"executed_lines": [60, 63, 64, 66, 68, 69, 71], "summary": {"covered_lines": 7, "num_statements": 8, "percent_covered": 75.0, "percent_covered_display": "75", "missing_lines": 1, "excluded_lines": 0, "percent_statements_covered": 87.5, "percent_statements_covered_display": "88", "num_branches": 4, "num_partial_branches": 2, "covered_branches": 2, "missing_branches": 2, "percent_branches_covered": 50.0, "percent_branches_covered_display": "50"}, "missing_lines": [61], "excluded_lines": [], "start_line": 57, "executed_branches": [[60, 63], [68, 69]], "missing_branches": [[60, 61], [68, 71]]}, "JanBackend.remove_group": {"executed_lines": [74, 76, 77, 78, 79, 83], "summary": {"covered_lines": 6, "num_statements": 7, "percent_covered": 72.72727272727273, "percent_covered_display": "73", "missing_lines": 1, "excluded_lines": 0, "percent_statements_covered": 85.71428571428571, "percent_statements_covered_display": "86", "num_branches": 4, "num_partial_branches": 2, "covered_branches": 2, "missing_branches": 2, "percent_branches_covered": 50.0, "percent_branches_covered_display": "50"}, "missing_lines": [81], "excluded_lines": [], "start_line": 73, "executed_branches": [[77, 78], [78, 79]], "missing_branches": [[77, 83], [78, 81]]}, "JanBackend._generate_metadata": {"executed_lines": [86, 87, 89, 93, 94, 97, 98, 106, 121, 122, 124, 125, 127, 128], "summary": {"covered_lines": 14, "num_statements": 16, "percent_covered": 83.33333333333333, "percent_covered_display": "83", "missing_lines": 2, "excluded_lines": 0, "percent_statements_covered": 87.5, "percent_statements_covered_display": "88", "num_branches": 2, "num_partial_branches": 1, "covered_branches": 1, "missing_branches": 1, "percent_branches_covered": 50.0, "percent_branches_covered_display": "50"}, "missing_lines": [90, 91], "excluded_lines": [], "start_line": 85, "executed_branches": [[89, 93]], "missing_branches": [[89, 90]]}, "JanBackend.cleanup_orphans": {"executed_lines": [131], "summary": {"covered_lines": 1, "num_statements": 1, "percent_covered": 100.0, "percent_covered_display": "100", "missing_lines": 0, "excluded_lines": 0, "percent_statements_covered": 100.0, "percent_statements_covered_display": "100", "num_branches": 0, "num_partial_branches": 0, "covered_branches": 0, "missing_branches": 0, "percent_branches_covered": 100.0, "percent_branches_covered_display": "100"}, "missing_lines": [], "excluded_lines": [], "start_line": 130, "executed_branches": [], "missing_branches": []}, "": {"executed_lines": [3, 5, 6, 8, 9, 10, 15, 18, 25, 40, 44, 45, 48, 57, 73, 85, 130], "summary": {"covered_lines": 17, "num_statements": 17, "percent_covered": 100.0, "percent_covered_display": "100", "missing_lines": 0, "excluded_lines": 2, "percent_statements_covered": 100.0, "percent_statements_covered_display": "100", "num_branches": 0, "num_partial_branches": 0, "covered_branches": 0, "missing_branches": 0, "percent_branches_covered": 100.0, "percent_branches_covered_display": "100"}, "missing_lines": [], "excluded_lines": [12, 13], "start_line": 1, "executed_branches": [], "missing_branches": []}}, "classes": {"JanBackend": {"executed_lines": [41, 42, 49, 51, 54, 55, 60, 63, 64, 66, 68, 69, 71, 74, 76, 77, 78, 79, 83, 86, 87, 89, 93, 94, 97, 98, 106, 121, 122, 124, 125, 127, 128, 131], "summary": {"covered_lines": 34, "num_statements": 40, "percent_covered": 76.92307692307692, "percent_covered_display": "77", "missing_lines": 6, "excluded_lines": 0, "percent_statements_covered": 85.0, "percent_statements_covered_display": "85", "num_branches": 12, "num_partial_branches": 6, "covered_branches": 6, "missing_branches": 6, "percent_branches_covered": 50.0, "percent_branches_covered_display": "50"}, "missing_lines": [46, 52, 61, 81, 90, 91], "excluded_lines": [], "start_line": 18, "executed_branches": [[51, 54], [60, 63], [68, 69], [77, 78], [78, 79], [89, 93]], "missing_branches": [[51, 52], [60, 61], [68, 71], [77, 83], [78, 81], [89, 90]]}, "": {"executed_lines": [3, 5, 6, 8, 9, 10, 15, 18, 25, 40, 44, 45, 48, 57, 73, 85, 130], "summary": {"covered_lines": 17, "num_statements": 17, "percent_covered": 100.0, "percent_covered_display": "100", "missing_lines": 0, "excluded_lines": 2, "percent_statements_covered": 100.0, "percent_statements_covered_display": "100", "num_branches": 0, "num_partial_branches": 0, "covered_branches": 0, "missing_branches": 0, "percent_branches_covered": 100.0, "percent_branches_covered_display": "100"}, "missing_lines": [], "excluded_lines": [12, 13], "start_line": 1, "executed_branches": [], "missing_branches": []}}}, "src/gguf_sync/backends/koboldcpp.py": {"executed_lines": [3, 5, 6, 8, 9, 10, 15, 18, 25, 37, 43, 44, 46, 47, 51, 53, 55, 58, 59, 61, 80, 91, 94, 95, 98, 99, 102, 103, 112, 113, 119, 120, 121, 130, 142, 143, 145, 147, 168, 175, 176, 178, 182, 183, 186, 187, 198, 203, 212, 215, 219, 229, 231, 232, 234, 235, 237, 246, 248, 252, 253, 254, 256, 257, 258, 263, 264, 266, 267, 268, 272], "summary": {"covered_lines": 71, "num_statements": 100, "percent_covered": 63.513513513513516, "percent_covered_display": "64", "missing_lines": 29, "excluded_lines": 2, "percent_statements_covered": 71.0, "percent_statements_covered_display": "71", "num_branches": 48, "num_partial_branches": 15, "covered_branches": 23, "missing_branches": 25, "percent_branches_covered": 47.916666666666664, "percent_branches_covered_display": "48"}, "missing_lines": [49, 56, 92, 104, 109, 110, 122, 123, 124, 125, 127, 131, 132, 138, 139, 156, 159, 160, 161, 162, 164, 166, 179, 180, 213, 216, 249, 260, 270], "excluded_lines": [12, 13], "executed_branches": [[55, 58], [91, 94], [102, 103], [102, 130], [103, 112], [119, 120], [120, 121], [130, 142], [142, 143], [178, 182], [212, 215], [215, 219], [248, 252], [252, 253], [252, 263], [253, 254], [253, 256], [256, 257], [257, 258], [263, 264], [263, 272], [266, 267], [267, 268]], "missing_branches": [[55, 56], [91, 92], [103, 104], [119, 127], [120, 122], [122, 123], [122, 124], [124, 102], [124, 125], [130, 131], [138, 139], [138, 142], [142, 145], [160, 161], [160, 166], [161, 162], [161, 164], [178, 179], [212, 213], [215, 216], [248, 249], [256, 252], [257, 260], [266, 263], [267, 270]], "functions": {"KoboldCppBackend.__init__": {"executed_lines": [43, 44], "summary": {"covered_lines": 2, "num_statements": 2, "percent_covered": 100.0, "percent_covered_display": "100", "missing_lines": 0, "excluded_lines": 0, "percent_statements_covered": 100.0, "percent_statements_covered_display": "100", "num_branches": 0, "num_partial_branches": 0, "covered_branches": 0, "missing_branches": 0, "percent_branches_covered": 100.0, "percent_branches_covered_display": "100"}, "missing_lines": [], "excluded_lines": [], "start_line": 37, "executed_branches": [], "missing_branches": []}, "KoboldCppBackend.name": {"executed_lines": [], "summary": {"covered_lines": 0, "num_statements": 1, "percent_covered": 0.0, "percent_covered_display": "0", "missing_lines": 1, "excluded_lines": 0, "percent_statements_covered": 0.0, "percent_statements_covered_display": "0", "num_branches": 0, "num_partial_branches": 0, "covered_branches": 0, "missing_branches": 0, "percent_branches_covered": 100.0, "percent_branches_covered_display": "100"}, "missing_lines": [49], "excluded_lines": [], "start_line": 47, "executed_branches": [], "missing_branches": []}, "KoboldCppBackend.setup": {"executed_lines": [53, 55, 58, 59], "summary": {"covered_lines": 4, "num_statements": 5, "percent_covered": 71.42857142857143, "percent_covered_display": "71", "missing_lines": 1, "excluded_lines": 0, "percent_statements_covered": 80.0, "percent_statements_covered_display": "80", "num_branches": 2, "num_partial_branches": 1, "covered_branches": 1, "missing_branches": 1, "percent_branches_covered": 50.0, "percent_branches_covered_display": "50"}, "missing_lines": [56], "excluded_lines": [], "start_line": 51, "executed_branches": [[55, 58]], "missing_branches": [[55, 56]]}, "KoboldCppBackend.sync_group": {"executed_lines": [80, 91, 94, 95, 98, 99, 102, 103, 112, 113, 119, 120, 121, 130, 142, 143, 145], "summary": {"covered_lines": 17, "num_statements": 30, "percent_covered": 50.0, "percent_covered_display": "50", "missing_lines": 13, "excluded_lines": 0, "percent_statements_covered": 56.666666666666664, "percent_statements_covered_display": "57", "num_branches": 20, "num_partial_branches": 6, "covered_branches": 8, "missing_branches": 12, "percent_branches_covered": 40.0, "percent_branches_covered_display": "40"}, "missing_lines": [92, 104, 109, 110, 122, 123, 124, 125, 127, 131, 132, 138, 139], "excluded_lines": [], "start_line": 61, "executed_branches": [[91, 94], [102, 103], [102, 130], [103, 112], [119, 120], [120, 121], [130, 142], [142, 143]], "missing_branches": [[91, 92], [103, 104], [119, 127], [120, 122], [122, 123], [122, 124], [124, 102], [124, 125], [130, 131], [138, 139], [138, 142], [142, 145]]}, "KoboldCppBackend.remove_group": {"executed_lines": [], "summary": {"covered_lines": 0, "num_statements": 7, "percent_covered": 0.0, "percent_covered_display": "0", "missing_lines": 7, "excluded_lines": 0, "percent_statements_covered": 0.0, "percent_statements_covered_display": "0", "num_branches": 4, "num_partial_branches": 0, "covered_branches": 0, "missing_branches": 4, "percent_branches_covered": 0.0, "percent_branches_covered_display": "0"}, "missing_lines": [156, 159, 160, 161, 162, 164, 166], "excluded_lines": [], "start_line": 147, "executed_branches": [], "missing_branches": [[160, 161], [160, 166], [161, 162], [161, 164]]}, "KoboldCppBackend._generate_kcpps": {"executed_lines": [175, 176, 178, 182, 183, 186, 187, 198, 203, 212, 215, 219, 229, 231, 232, 234, 235], "summary": {"covered_lines": 17, "num_statements": 21, "percent_covered": 74.07407407407408, "percent_covered_display": "74", "missing_lines": 4, "excluded_lines": 0, "percent_statements_covered": 80.95238095238095, "percent_statements_covered_display": "81", "num_branches": 6, "num_partial_branches": 3, "covered_branches": 3, "missing_branches": 3, "percent_branches_covered": 50.0, "percent_branches_covered_display": "50"}, "missing_lines": [179, 180, 213, 216], "excluded_lines": [], "start_line": 168, "executed_branches": [[178, 182], [212, 215], [215, 219]], "missing_branches": [[178, 179], [212, 213], [215, 216]]}, "KoboldCppBackend.cleanup_orphans": {"executed_lines": [246, 248, 252, 253, 254, 256, 257, 258, 263, 264, 266, 267, 268, 272], "summary": {"covered_lines": 14, "num_statements": 17, "percent_covered": 75.75757575757575, "percent_covered_display": "76", "missing_lines": 3, "excluded_lines": 0, "percent_statements_covered": 82.3529411764706, "percent_statements_covered_display": "82", "num_branches": 16, "num_partial_branches": 5, "covered_branches": 11, "missing_branches": 5, "percent_branches_covered": 68.75, "percent_branches_covered_display": "69"}, "missing_lines": [249, 260, 270], "excluded_lines": [], "start_line": 237, "executed_branches": [[248, 252], [252, 253], [252, 263], [253, 254], [253, 256], [256, 257], [257, 258], [263, 264], [263, 272], [266, 267], [267, 268]], "missing_branches": [[248, 249], [256, 252], [257, 260], [266, 263], [267, 270]]}, "": {"executed_lines": [3, 5, 6, 8, 9, 10, 15, 18, 25, 37, 46, 47, 51, 61, 147, 168, 237], "summary": {"covered_lines": 17, "num_statements": 17, "percent_covered": 100.0, "percent_covered_display": "100", "missing_lines": 0, "excluded_lines": 2, "percent_statements_covered": 100.0, "percent_statements_covered_display": "100", "num_branches": 0, "num_partial_branches": 0, "covered_branches": 0, "missing_branches": 0, "percent_branches_covered": 100.0, "percent_branches_covered_display": "100"}, "missing_lines": [], "excluded_lines": [12, 13], "start_line": 1, "executed_branches": [], "missing_branches": []}}, "classes": {"KoboldCppBackend": {"executed_lines": [43, 44, 53, 55, 58, 59, 80, 91, 94, 95, 98, 99, 102, 103, 112, 113, 119, 120, 121, 130, 142, 143, 145, 175, 176, 178, 182, 183, 186, 187, 198, 203, 212, 215, 219, 229, 231, 232, 234, 235, 246, 248, 252, 253, 254, 256, 257, 258, 263, 264, 266, 267, 268, 272], "summary": {"covered_lines": 54, "num_statements": 83, "percent_covered": 58.778625954198475, "percent_covered_display": "59", "missing_lines": 29, "excluded_lines": 0, "percent_statements_covered": 65.06024096385542, "percent_statements_covered_display": "65", "num_branches": 48, "num_partial_branches": 15, "covered_branches": 23, "missing_branches": 25, "percent_branches_covered": 47.916666666666664, "percent_branches_covered_display": "48"}, "missing_lines": [49, 56, 92, 104, 109, 110, 122, 123, 124, 125, 127, 131, 132, 138, 139, 156, 159, 160, 161, 162, 164, 166, 179, 180, 213, 216, 249, 260, 270], "excluded_lines": [], "start_line": 18, "executed_branches": [[55, 58], [91, 94], [102, 103], [102, 130], [103, 112], [119, 120], [120, 121], [130, 142], [142, 143], [178, 182], [212, 215], [215, 219], [248, 252], [252, 253], [252, 263], [253, 254], [253, 256], [256, 257], [257, 258], [263, 264], [263, 272], [266, 267], [267, 268]], "missing_branches": [[55, 56], [91, 92], [103, 104], [119, 127], [120, 122], [122, 123], [122, 124], [124, 102], [124, 125], [130, 131], [138, 139], [138, 142], [142, 145], [160, 161], [160, 166], [161, 162], [161, 164], [178, 179], [212, 213], [215, 216], [248, 249], [256, 252], [257, 260], [266, 263], [267, 270]]}, "": {"executed_lines": [3, 5, 6, 8, 9, 10, 15, 18, 25, 37, 46, 47, 51, 61, 147, 168, 237], "summary": {"covered_lines": 17, "num_statements": 17, "percent_covered": 100.0, "percent_covered_display": "100", "missing_lines": 0, "excluded_lines": 2, "percent_statements_covered": 100.0, "percent_statements_covered_display": "100", "num_branches": 0, "num_partial_branches": 0, "covered_branches": 0, "missing_branches": 0, "percent_branches_covered": 100.0, "percent_branches_covered_display": "100"}, "missing_lines": [], "excluded_lines": [12, 13], "start_line": 1, "executed_branches": [], "missing_branches": []}}}, "src/gguf_sync/backends/llama_cpp.py": {"executed_lines": [3, 5, 6, 8, 9, 21, 24, 27, 43, 49, 50, 51, 53, 54, 56, 58, 60, 62, 66, 67, 69, 91, 94, 95, 98, 99, 102, 104, 105, 138, 139, 145, 146, 147, 148, 149, 150, 162, 163, 164, 170, 171, 172, 177, 180, 181, 183, 185, 194, 196, 197, 198, 199, 204, 207, 208, 210, 212, 220, 222, 225, 226, 227, 230, 233, 234, 235, 239, 240, 244, 245, 247, 250, 253, 255, 265, 266, 267, 268, 270, 272, 273, 276, 277, 280, 281, 283, 286, 289, 291, 301, 302, 303, 304, 305, 310, 313, 316, 317, 319, 320, 322, 340, 346, 347, 348, 352, 358, 366, 367, 372, 376, 390, 393, 425, 426, 427, 430, 438, 441, 449, 452, 454, 456, 465, 467, 470, 472, 473, 475, 476, 477, 479, 482, 489, 490, 492], "summary": {"covered_lines": 137, "num_statements": 175, "percent_covered": 72.45283018867924, "percent_covered_display": "72", "missing_lines": 38, "excluded_lines": 3, "percent_statements_covered": 78.28571428571429, "percent_statements_covered_display": "78", "num_branches": 90, "num_partial_branches": 27, "covered_branches": 55, "missing_branches": 35, "percent_branches_covered": 61.111111111111114, "percent_branches_covered_display": "61"}, "missing_lines": [63, 92, 106, 111, 112, 118, 119, 121, 122, 123, 124, 129, 130, 136, 156, 157, 159, 173, 174, 201, 236, 241, 248, 278, 284, 311, 374, 428, 432, 440, 443, 444, 446, 468, 481, 484, 485, 486], "excluded_lines": [16, 17, 19], "executed_branches": [[62, 66], [91, 94], [102, 104], [102, 162], [105, 138], [145, 146], [146, 147], [146, 148], [148, 149], [162, 163], [162, 177], [170, 171], [171, 172], [180, 181], [197, 198], [198, 199], [207, 208], [233, 234], [233, 265], [235, 239], [240, 244], [247, 250], [265, 266], [266, 267], [266, 301], [267, 268], [267, 270], [272, 273], [272, 276], [277, 280], [283, 286], [301, 302], [301, 316], [304, 305], [304, 310], [310, 313], [346, 347], [346, 352], [366, 367], [426, 427], [426, 452], [427, 430], [430, 438], [438, 441], [441, 449], [467, 470], [470, 472], [470, 489], [472, 473], [472, 475], [475, 476], [475, 482], [476, 477], [482, 470], [489, 490]], "missing_branches": [[62, 63], [91, 92], [105, 106], [145, 159], [148, 156], [156, 102], [156, 157], [170, 177], [171, 173], [173, 174], [173, 177], [180, 183], [197, 204], [198, 201], [207, 210], [235, 236], [240, 241], [247, 248], [265, 301], [277, 278], [283, 284], [310, 311], [366, 374], [427, 428], [430, 432], [438, 440], [441, 443], [443, 444], [443, 446], [467, 468], [476, 481], [482, 484], [484, 470], [484, 485], [489, 492]], "functions": {"LlamaCppBackend.__init__": {"executed_lines": [49, 50, 51], "summary": {"covered_lines": 3, "num_statements": 3, "percent_covered": 100.0, "percent_covered_display": "100", "missing_lines": 0, "excluded_lines": 0, "percent_statements_covered": 100.0, "percent_statements_covered_display": "100", "num_branches": 0, "num_partial_branches": 0, "covered_branches": 0, "missing_branches": 0, "percent_branches_covered": 100.0, "percent_branches_covered_display": "100"}, "missing_lines": [], "excluded_lines": [], "start_line": 43, "executed_branches": [], "missing_branches": []}, "LlamaCppBackend.name": {"executed_lines": [56], "summary": {"covered_lines": 1, "num_statements": 1, "percent_covered": 100.0, "percent_covered_display": "100", "missing_lines": 0, "excluded_lines": 0, "percent_statements_covered": 100.0, "percent_statements_covered_display": "100", "num_branches": 0, "num_partial_branches": 0, "covered_branches": 0, "missing_branches": 0, "percent_branches_covered": 100.0, "percent_branches_covered_display": "100"}, "missing_lines": [], "excluded_lines": [], "start_line": 54, "executed_branches": [], "missing_branches": []}, "LlamaCppBackend.setup": {"executed_lines": [60, 62, 66, 67], "summary": {"covered_lines": 4, "num_statements": 5, "percent_covered": 71.42857142857143, "percent_covered_display": "71", "missing_lines": 1, "excluded_lines": 0, "percent_statements_covered": 80.0, "percent_statements_covered_display": "80", "num_branches": 2, "num_partial_branches": 1, "covered_branches": 1, "missing_branches": 1, "percent_branches_covered": 50.0, "percent_branches_covered_display": "50"}, "missing_lines": [63], "excluded_lines": [], "start_line": 58, "executed_branches": [[62, 66]], "missing_branches": [[62, 63]]}, "LlamaCppBackend.sync_group": {"executed_lines": [91, 94, 95, 98, 99, 102, 104, 105, 138, 139, 145, 146, 147, 148, 149, 150, 162, 163, 164, 170, 171, 172, 177, 180, 181, 183], "summary": {"covered_lines": 26, "num_statements": 44, "percent_covered": 57.35294117647059, "percent_covered_display": "57", "missing_lines": 18, "excluded_lines": 0, "percent_statements_covered": 59.09090909090909, "percent_statements_covered_display": "59", "num_branches": 24, "num_partial_branches": 7, "covered_branches": 13, "missing_branches": 11, "percent_branches_covered": 54.166666666666664, "percent_branches_covered_display": "54"}, "missing_lines": [92, 106, 111, 112, 118, 119, 121, 122, 123, 124, 129, 130, 136, 156, 157, 159, 173, 174], "excluded_lines": [], "start_line": 69, "executed_branches": [[91, 94], [102, 104], [102, 162], [105, 138], [145, 146], [146, 147], [146, 148], [148, 149], [162, 163], [162, 177], [170, 171], [171, 172], [180, 181]], "missing_branches": [[91, 92], [105, 106], [145, 159], [148, 156], [156, 102], [156, 157], [170, 177], [171, 173], [173, 174], [173, 177], [180, 183]]}, "LlamaCppBackend.remove_group": {"executed_lines": [194, 196, 197, 198, 199, 204, 207, 208, 210], "summary": {"covered_lines": 9, "num_statements": 10, "percent_covered": 75.0, "percent_covered_display": "75", "missing_lines": 1, "excluded_lines": 0, "percent_statements_covered": 90.0, "percent_statements_covered_display": "90", "num_branches": 6, "num_partial_branches": 3, "covered_branches": 3, "missing_branches": 3, "percent_branches_covered": 50.0, "percent_branches_covered_display": "50"}, "missing_lines": [201], "excluded_lines": [], "start_line": 185, "executed_branches": [[197, 198], [198, 199], [207, 208]], "missing_branches": [[197, 204], [198, 201], [207, 210]]}, "LlamaCppBackend._update_models_ini": {"executed_lines": [220, 222, 225, 226, 227, 230, 233, 234, 235, 239, 240, 244, 245, 247, 250, 253, 255, 265, 266, 267, 268, 270, 272, 273, 276, 277, 280, 281, 283, 286, 289, 291, 301, 302, 303, 304, 305, 310, 313, 316, 317, 319, 320], "summary": {"covered_lines": 43, "num_statements": 49, "percent_covered": 82.66666666666667, "percent_covered_display": "83", "missing_lines": 6, "excluded_lines": 0, "percent_statements_covered": 87.75510204081633, "percent_statements_covered_display": "88", "num_branches": 26, "num_partial_branches": 7, "covered_branches": 19, "missing_branches": 7, "percent_branches_covered": 73.07692307692308, "percent_branches_covered_display": "73"}, "missing_lines": [236, 241, 248, 278, 284, 311], "excluded_lines": [], "start_line": 212, "executed_branches": [[233, 234], [233, 265], [235, 239], [240, 244], [247, 250], [265, 266], [266, 267], [266, 301], [267, 268], [267, 270], [272, 273], [272, 276], [277, 280], [283, 286], [301, 302], [301, 316], [304, 305], [304, 310], [310, 313]], "missing_branches": [[235, 236], [240, 241], [247, 248], [265, 301], [277, 278], [283, 284], [310, 311]]}, "LlamaCppBackend._should_include_alias": {"executed_lines": [340, 346, 347, 348, 352, 358, 366, 367, 372], "summary": {"covered_lines": 9, "num_statements": 10, "percent_covered": 85.71428571428571, "percent_covered_display": "86", "missing_lines": 1, "excluded_lines": 0, "percent_statements_covered": 90.0, "percent_statements_covered_display": "90", "num_branches": 4, "num_partial_branches": 1, "covered_branches": 3, "missing_branches": 1, "percent_branches_covered": 75.0, "percent_branches_covered_display": "75"}, "missing_lines": [374], "excluded_lines": [], "start_line": 322, "executed_branches": [[346, 347], [346, 352], [366, 367]], "missing_branches": [[366, 374]]}, "LlamaCppBackend._format_display_name": {"executed_lines": [390, 393, 425, 426, 427, 430, 438, 441, 449, 452, 454], "summary": {"covered_lines": 11, "num_statements": 17, "percent_covered": 58.62068965517241, "percent_covered_display": "59", "missing_lines": 6, "excluded_lines": 0, "percent_statements_covered": 64.70588235294117, "percent_statements_covered_display": "65", "num_branches": 12, "num_partial_branches": 4, "covered_branches": 6, "missing_branches": 6, "percent_branches_covered": 50.0, "percent_branches_covered_display": "50"}, "missing_lines": [428, 432, 440, 443, 444, 446], "excluded_lines": [], "start_line": 376, "executed_branches": [[426, 427], [426, 452], [427, 430], [430, 438], [438, 441], [441, 449]], "missing_branches": [[427, 428], [430, 432], [438, 440], [441, 443], [443, 444], [443, 446]]}, "LlamaCppBackend.cleanup_orphans": {"executed_lines": [465, 467, 470, 472, 473, 475, 476, 477, 479, 482, 489, 490, 492], "summary": {"covered_lines": 13, "num_statements": 18, "percent_covered": 67.6470588235294, "percent_covered_display": "68", "missing_lines": 5, "excluded_lines": 0, "percent_statements_covered": 72.22222222222223, "percent_statements_covered_display": "72", "num_branches": 16, "num_partial_branches": 4, "covered_branches": 10, "missing_branches": 6, "percent_branches_covered": 62.5, "percent_branches_covered_display": "62"}, "missing_lines": [468, 481, 484, 485, 486], "excluded_lines": [], "start_line": 456, "executed_branches": [[467, 470], [470, 472], [470, 489], [472, 473], [472, 475], [475, 476], [475, 482], [476, 477], [482, 470], [489, 490]], "missing_branches": [[467, 468], [476, 481], [482, 484], [484, 470], [484, 485], [489, 492]]}, "": {"executed_lines": [3, 5, 6, 8, 9, 21, 24, 27, 43, 53, 54, 58, 69, 185, 212, 322, 376, 456], "summary": {"covered_lines": 18, "num_statements": 18, "percent_covered": 100.0, "percent_covered_display": "100", "missing_lines": 0, "excluded_lines": 3, "percent_statements_covered": 100.0, "percent_statements_covered_display": "100", "num_branches": 0, "num_partial_branches": 0, "covered_branches": 0, "missing_branches": 0, "percent_branches_covered": 100.0, "percent_branches_covered_display": "100"}, "missing_lines": [], "excluded_lines": [16, 17, 19], "start_line": 1, "executed_branches": [], "missing_branches": []}}, "classes": {"LlamaCppBackend": {"executed_lines": [49, 50, 51, 56, 60, 62, 66, 67, 91, 94, 95, 98, 99, 102, 104, 105, 138, 139, 145, 146, 147, 148, 149, 150, 162, 163, 164, 170, 171, 172, 177, 180, 181, 183, 194, 196, 197, 198, 199, 204, 207, 208, 210, 220, 222, 225, 226, 227, 230, 233, 234, 235, 239, 240, 244, 245, 247, 250, 253, 255, 265, 266, 267, 268, 270, 272, 273, 276, 277, 280, 281, 283, 286, 289, 291, 301, 302, 303, 304, 305, 310, 313, 316, 317, 319, 320, 340, 346, 347, 348, 352, 358, 366, 367, 372, 390, 393, 425, 426, 427, 430, 438, 441, 449, 452, 454, 465, 467, 470, 472, 473, 475, 476, 477, 479, 482, 489, 490, 492], "summary": {"covered_lines": 119, "num_statements": 157, "percent_covered": 70.44534412955466, "percent_covered_display": "70", "missing_lines": 38, "excluded_lines": 0, "percent_statements_covered": 75.79617834394904, "percent_statements_covered_display": "76", "num_branches": 90, "num_partial_branches": 27, "covered_branches": 55, "missing_branches": 35, "percent_branches_covered": 61.111111111111114, "percent_branches_covered_display": "61"}, "missing_lines": [63, 92, 106, 111, 112, 118, 119, 121, 122, 123, 124, 129, 130, 136, 156, 157, 159, 173, 174, 201, 236, 241, 248, 278, 284, 311, 374, 428, 432, 440, 443, 444, 446, 468, 481, 484, 485, 486], "excluded_lines": [], "start_line": 24, "executed_branches": [[62, 66], [91, 94], [102, 104], [102, 162], [105, 138], [145, 146], [146, 147], [146, 148], [148, 149], [162, 163], [162, 177], [170, 171], [171, 172], [180, 181], [197, 198], [198, 199], [207, 208], [233, 234], [233, 265], [235, 239], [240, 244], [247, 250], [265, 266], [266, 267], [266, 301], [267, 268], [267, 270], [272, 273], [272, 276], [277, 280], [283, 286], [301, 302], [301, 316], [304, 305], [304, 310], [310, 313], [346, 347], [346, 352], [366, 367], [426, 427], [426, 452], [427, 430], [430, 438], [438, 441], [441, 449], [467, 470], [470, 472], [470, 489], [472, 473], [472, 475], [475, 476], [475, 482], [476, 477], [482, 470], [489, 490]], "missing_branches": [[62, 63], [91, 92], [105, 106], [145, 159], [148, 156], [156, 102], [156, 157], [170, 177], [171, 173], [173, 174], [173, 177], [180, 183], [197, 204], [198, 201], [207, 210], [235, 236], [240, 241], [247, 248], [265, 301], [277, 278], [283, 284], [310, 311], [366, 374], [427, 428], [430, 432], [438, 440], [441, 443], [443, 444], [443, 446], [467, 468], [476, 481], [482, 484], [484, 470], [484, 485], [489, 492]]}, "": {"executed_lines": [3, 5, 6, 8, 9, 21, 24, 27, 43, 53, 54, 58, 69, 185, 212, 322, 376, 456], "summary": {"covered_lines": 18, "num_statements": 18, "percent_covered": 100.0, "percent_covered_display": "100", "missing_lines": 0, "excluded_lines": 3, "percent_statements_covered": 100.0, "percent_statements_covered_display": "100", "num_branches": 0, "num_partial_branches": 0, "covered_branches": 0, "missing_branches": 0, "percent_branches_covered": 100.0, "percent_branches_covered_display": "100"}, "missing_lines": [], "excluded_lines": [16, 17, 19], "start_line": 1, "executed_branches": [], "missing_branches": []}}}, "src/gguf_sync/backends/llama_cpp_python.py": {"executed_lines": [3, 5, 7, 8, 15, 18, 25, 36, 37, 38, 40, 41, 44, 45, 47, 50, 51, 53, 73, 76, 77, 79, 81, 82, 84, 85, 86, 87, 91, 93, 94], "summary": {"covered_lines": 31, "num_statements": 35, "percent_covered": 81.3953488372093, "percent_covered_display": "81", "missing_lines": 4, "excluded_lines": 3, "percent_statements_covered": 88.57142857142857, "percent_statements_covered_display": "89", "num_branches": 8, "num_partial_branches": 4, "covered_branches": 4, "missing_branches": 4, "percent_branches_covered": 50.0, "percent_branches_covered_display": "50"}, "missing_lines": [42, 48, 74, 89], "excluded_lines": [10, 11, 13], "executed_branches": [[47, 50], [73, 76], [85, 86], [86, 87]], "missing_branches": [[47, 48], [73, 74], [85, 91], [86, 89]], "functions": {"LlamaCppPythonBackend.__init__": {"executed_lines": [37, 38], "summary": {"covered_lines": 2, "num_statements": 2, "percent_covered": 100.0, "percent_covered_display": "100", "missing_lines": 0, "excluded_lines": 0, "percent_statements_covered": 100.0, "percent_statements_covered_display": "100", "num_branches": 0, "num_partial_branches": 0, "covered_branches": 0, "missing_branches": 0, "percent_branches_covered": 100.0, "percent_branches_covered_display": "100"}, "missing_lines": [], "excluded_lines": [], "start_line": 36, "executed_branches": [], "missing_branches": []}, "LlamaCppPythonBackend.name": {"executed_lines": [], "summary": {"covered_lines": 0, "num_statements": 1, "percent_covered": 0.0, "percent_covered_display": "0", "missing_lines": 1, "excluded_lines": 0, "percent_statements_covered": 0.0, "percent_statements_covered_display": "0", "num_branches": 0, "num_partial_branches": 0, "covered_branches": 0, "missing_branches": 0, "percent_branches_covered": 100.0, "percent_branches_covered_display": "100"}, "missing_lines": [42], "excluded_lines": [], "start_line": 41, "executed_branches": [], "missing_branches": []}, "LlamaCppPythonBackend.setup": {"executed_lines": [45, 47, 50, 51], "summary": {"covered_lines": 4, "num_statements": 5, "percent_covered": 71.42857142857143, "percent_covered_display": "71", "missing_lines": 1, "excluded_lines": 0, "percent_statements_covered": 80.0, "percent_statements_covered_display": "80", "num_branches": 2, "num_partial_branches": 1, "covered_branches": 1, "missing_branches": 1, "percent_branches_covered": 50.0, "percent_branches_covered_display": "50"}, "missing_lines": [48], "excluded_lines": [], "start_line": 44, "executed_branches": [[47, 50]], "missing_branches": [[47, 48]]}, "LlamaCppPythonBackend.sync_group": {"executed_lines": [73, 76, 77, 79], "summary": {"covered_lines": 4, "num_statements": 5, "percent_covered": 71.42857142857143, "percent_covered_display": "71", "missing_lines": 1, "excluded_lines": 0, "percent_statements_covered": 80.0, "percent_statements_covered_display": "80", "num_branches": 2, "num_partial_branches": 1, "covered_branches": 1, "missing_branches": 1, "percent_branches_covered": 50.0, "percent_branches_covered_display": "50"}, "missing_lines": [74], "excluded_lines": [], "start_line": 53, "executed_branches": [[73, 76]], "missing_branches": [[73, 74]]}, "LlamaCppPythonBackend.remove_group": {"executed_lines": [82, 84, 85, 86, 87, 91], "summary": {"covered_lines": 6, "num_statements": 7, "percent_covered": 72.72727272727273, "percent_covered_display": "73", "missing_lines": 1, "excluded_lines": 0, "percent_statements_covered": 85.71428571428571, "percent_statements_covered_display": "86", "num_branches": 4, "num_partial_branches": 2, "covered_branches": 2, "missing_branches": 2, "percent_branches_covered": 50.0, "percent_branches_covered_display": "50"}, "missing_lines": [89], "excluded_lines": [], "start_line": 81, "executed_branches": [[85, 86], [86, 87]], "missing_branches": [[85, 91], [86, 89]]}, "LlamaCppPythonBackend.cleanup_orphans": {"executed_lines": [94], "summary": {"covered_lines": 1, "num_statements": 1, "percent_covered": 100.0, "percent_covered_display": "100", "missing_lines": 0, "excluded_lines": 0, "percent_statements_covered": 100.0, "percent_statements_covered_display": "100", "num_branches": 0, "num_partial_branches": 0, "covered_branches": 0, "missing_branches": 0, "percent_branches_covered": 100.0, "percent_branches_covered_display": "100"}, "missing_lines": [], "excluded_lines": [], "start_line": 93, "executed_branches": [], "missing_branches": []}, "": {"executed_lines": [3, 5, 7, 8, 15, 18, 25, 36, 40, 41, 44, 53, 81, 93], "summary": {"covered_lines": 14, "num_statements": 14, "percent_covered": 100.0, "percent_covered_display": "100", "missing_lines": 0, "excluded_lines": 3, "percent_statements_covered": 100.0, "percent_statements_covered_display": "100", "num_branches": 0, "num_partial_branches": 0, "covered_branches": 0, "missing_branches": 0, "percent_branches_covered": 100.0, "percent_branches_covered_display": "100"}, "missing_lines": [], "excluded_lines": [10, 11, 13], "start_line": 1, "executed_branches": [], "missing_branches": []}}, "classes": {"LlamaCppPythonBackend": {"executed_lines": [37, 38, 45, 47, 50, 51, 73, 76, 77, 79, 82, 84, 85, 86, 87, 91, 94], "summary": {"covered_lines": 17, "num_statements": 21, "percent_covered": 72.41379310344827, "percent_covered_display": "72", "missing_lines": 4, "excluded_lines": 0, "percent_statements_covered": 80.95238095238095, "percent_statements_covered_display": "81", "num_branches": 8, "num_partial_branches": 4, "covered_branches": 4, "missing_branches": 4, "percent_branches_covered": 50.0, "percent_branches_covered_display": "50"}, "missing_lines": [42, 48, 74, 89], "excluded_lines": [], "start_line": 18, "executed_branches": [[47, 50], [73, 76], [85, 86], [86, 87]], "missing_branches": [[47, 48], [73, 74], [85, 91], [86, 89]]}, "": {"executed_lines": [3, 5, 7, 8, 15, 18, 25, 36, 40, 41, 44, 53, 81, 93], "summary": {"covered_lines": 14, "num_statements": 14, "percent_covered": 100.0, "percent_covered_display": "100", "missing_lines": 0, "excluded_lines": 3, "percent_statements_covered": 100.0, "percent_statements_covered_display": "100", "num_branches": 0, "num_partial_branches": 0, "covered_branches": 0, "missing_branches": 0, "percent_branches_covered": 100.0, "percent_branches_covered_display": "100"}, "missing_lines": [], "excluded_lines": [10, 11, 13], "start_line": 1, "executed_branches": [], "missing_branches": []}}}, "src/gguf_sync/backends/lmstudio.py": {"executed_lines": [3, 5, 6, 7, 9, 10, 11, 16, 19, 26, 39, 45, 46, 48, 49, 53, 55, 57, 60, 61, 64, 65, 67, 83, 86, 87, 91, 92, 95, 97, 98, 119, 120, 126, 127, 128, 137, 149, 150, 152, 154, 180, 182, 184, 190, 191, 193, 197, 198, 201, 202, 210, 232, 233, 235, 237, 238, 240, 241, 243], "summary": {"covered_lines": 60, "num_statements": 112, "percent_covered": 43.75, "percent_covered_display": "44", "missing_lines": 52, "excluded_lines": 2, "percent_statements_covered": 53.57142857142857, "percent_statements_covered_display": "54", "num_branches": 48, "num_partial_branches": 8, "covered_branches": 10, "missing_branches": 38, "percent_branches_cove
[...]
"excluded_lines": [], "start_line": 1, "executed_branches": [], "missing_branches": []}}, "classes": {"PendingDownload": {"executed_lines": [], "summary": {"covered_lines": 0, "num_statements": 0, "percent_covered": 100.0, "percent_covered_display": "100", "missing_lines": 0, "excluded_lines": 0, "percent_statements_covered": 100.0, "percent_statements_covered_display": "100", "num_branches": 0, "num_partial_branches": 0, "covered_branches": 0, "missing_branches": 0, "percent_branches_covered": 100.0, "percent_branches_covered_display": "100"}, "missing_lines": [], "excluded_lines": [], "start_line": 37, "executed_branches": [], "missing_branches": []}, "DownloadDetector": {"executed_lines": [58, 59, 60, 61, 65, 69, 70, 71, 82, 87, 88, 93, 104, 117, 120, 121, 124, 125, 126, 127, 130, 131, 132, 134, 135, 138, 139, 149, 151, 152, 153, 154, 155, 157, 158, 160, 161, 164, 165, 166, 167, 173, 179, 180, 188, 189, 191, 192, 193, 194, 195, 197, 198, 200, 205, 209, 210, 211, 212, 213], "summary": {"covered_lines": 60, "num_statements": 68, "percent_covered": 89.1304347826087, "percent_covered_display": "89", "missing_lines": 8, "excluded_lines": 0, "percent_statements_covered": 88.23529411764706, "percent_statements_covered_display": "88", "num_branches": 24, "num_partial_branches": 2, "covered_branches": 22, "missing_branches": 2, "percent_branches_covered": 91.66666666666667, "percent_branches_covered_display": "92"}, "missing_lines": [140, 141, 142, 143, 144, 145, 168, 169], "excluded_lines": [], "start_line": 49, "executed_branches": [[69, 70], [69, 71], [120, 121], [120, 164], [124, 125], [124, 130], [130, 131], [130, 138], [132, 134], [151, 152], [151, 157], [153, 154], [153, 160], [191, 192], [191, 197], [193, 191], [193, 194], [197, 198], [197, 200], [210, 211], [210, 213], [211, 212]], "missing_branches": [[132, 138], [211, 210]]}, "ModelEventHandler": {"executed_lines": [225, 226, 227], "summary": {"covered_lines": 3, "num_statements": 100, "percent_covered": 2.2058823529411766, "percent_covered_display": "2", "missing_lines": 97, "excluded_lines": 0, "percent_statements_covered": 3.0, "percent_statements_covered_display": "3", "num_branches": 36, "num_partial_branches": 0, "covered_branches": 0, "missing_branches": 36, "percent_branches_covered": 0.0, "percent_branches_covered_display": "0"}, "missing_lines": [231, 232, 233, 235, 236, 237, 238, 240, 241, 242, 243, 244, 245, 246, 247, 251, 259, 261, 269, 270, 271, 273, 274, 275, 276, 278, 285, 287, 289, 290, 291, 294, 295, 296, 298, 299, 300, 302, 309, 315, 316, 317, 318, 322, 323, 324, 325, 326, 330, 331, 332, 333, 337, 338, 340, 341, 343, 344, 345, 347, 348, 349, 350, 353, 355, 362, 363, 364, 365, 369, 370, 372, 373, 375, 385, 386, 388, 391, 393, 394, 395, 400, 406, 407, 408, 409, 410, 414, 415, 416, 417, 420, 421, 422, 424, 425, 426], "excluded_lines": [], "start_line": 216, "executed_branches": [], "missing_branches": [[233, 235], [233, 247], [236, 233], [236, 237], [269, 270], [269, 273], [274, 275], [274, 278], [287, 289], [287, 294], [294, 295], [294, 302], [296, 298], [296, 300], [322, 323], [322, 325], [330, 331], [330, 332], [337, 338], [337, 340], [343, 344], [343, 347], [348, 349], [348, 353], [369, 370], [369, 372], [388, 391], [388, 414], [394, 395], [394, 410], [414, 415], [414, 420], [420, 421], [420, 424], [424, -367], [424, 425]]}, "FileSystemWatcher": {"executed_lines": [452, 453, 454, 456, 462, 463, 464, 465, 469, 472, 478, 484, 486, 487, 490, 495, 497, 498, 502, 505, 507, 508, 509, 510, 512, 545, 546, 550], "summary": {"covered_lines": 28, "num_statements": 47, "percent_covered": 53.96825396825397, "percent_covered_display": "54", "missing_lines": 19, "excluded_lines": 0, "percent_statements_covered": 59.57446808510638, "percent_statements_covered_display": "60", "num_branches": 16, "num_partial_branches": 4, "covered_branches": 6, "missing_branches": 10, "percent_branches_covered": 37.5, "percent_branches_covered_display": "38"}, "missing_lines": [470, 488, 503, 516, 518, 519, 521, 522, 523, 524, 525, 531, 532, 533, 534, 536, 538, 539, 541], "excluded_lines": [], "start_line": 429, "executed_branches": [[469, 472], [486, 487], [486, 497], [487, 490], [502, 505], [507, 508]], "missing_branches": [[469, 470], [487, 488], [502, 503], [507, 512], [519, 521], [519, 541], [522, 523], [522, 536], [524, 522], [524, 525]]}, "": {"executed_lines": [3, 5, 6, 7, 8, 9, 10, 12, 18, 20, 26, 27, 28, 30, 33, 36, 37, 40, 41, 42, 43, 44, 45, 46, 49, 52, 63, 67, 73, 95, 106, 182, 202, 203, 207, 216, 219, 229, 249, 253, 320, 328, 335, 367, 429, 432, 467, 500, 514, 543, 548], "summary": {"covered_lines": 51, "num_statements": 51, "percent_covered": 100.0, "percent_covered_display": "100", "missing_lines": 0, "excluded_lines": 0, "percent_statements_covered": 100.0, "percent_statements_covered_display": "100", "num_branches": 0, "num_partial_branches": 0, "covered_branches": 0, "missing_branches": 0, "percent_branches_covered": 100.0, "percent_branches_covered_display": "100"}, "missing_lines": [], "excluded_lines": [], "start_line": 1, "executed_branches": [], "missing_branches": []}}}, "src/gguf_sync/main.py": {"executed_lines": [3, 5, 6, 7, 9, 10, 11, 12, 13, 15, 27, 28, 35, 36, 37, 38, 51, 52, 53, 59, 60, 66, 69, 71, 72, 74, 75, 78, 87, 89, 90, 91, 93, 94, 95, 96, 97, 99, 100, 101, 103, 105, 107, 109, 111, 114, 116, 119, 120, 157, 158, 343, 344, 461, 462, 524, 525, 562, 563], "summary": {"covered_lines": 59, "num_statements": 264, "percent_covered": 21.787709497206706, "percent_covered_display": "22", "missing_lines": 205, "excluded_lines": 4, "percent_statements_covered": 22.348484848484848, "percent_statements_covered_display": "22", "num_branches": 94, "num_partial_branches": 7, "covered_branches": 19, "missing_branches": 75, "percent_branches_covered": 20.21276595744681, "percent_branches_covered_display": "20"}, "missing_lines": [98, 102, 104, 106, 108, 110, 112, 151, 213, 215, 216, 220, 221, 224, 226, 227, 228, 229, 232, 233, 235, 236, 237, 238, 241, 242, 244, 245, 250, 251, 253, 256, 258, 259, 260, 263, 264, 266, 274, 277, 278, 279, 280, 281, 282, 283, 285, 286, 295, 298, 299, 300, 302, 303, 304, 305, 307, 308, 311, 312, 313, 314, 315, 316, 317, 318, 323, 324, 325, 326, 327, 328, 330, 332, 333, 334, 335, 336, 337, 338, 339, 340, 385, 386, 388, 389, 393, 394, 396, 399, 401, 402, 403, 406, 407, 410, 419, 420, 421, 422, 424, 430, 431, 432, 433, 434, 436, 443, 445, 446, 447, 448, 449, 450, 451, 452, 453, 455, 456, 457, 458, 475, 477, 478, 479, 480, 481, 482, 483, 484, 486, 487, 488, 489, 490, 491, 492, 494, 495, 496, 497, 498, 499, 500, 502, 503, 504, 505, 506, 507, 508, 510, 511, 512, 513, 514, 516, 519, 520, 521, 540, 541, 542, 544, 545, 547, 548, 551, 552, 554, 555, 556, 557, 558, 559, 578, 579, 580, 582, 583, 584, 587, 588, 589, 590, 591, 592, 593, 595, 596, 597, 598, 607, 610, 611, 612, 614, 616, 617, 619, 620, 622, 623, 624, 625], "excluded_lines": [55, 56, 628, 629], "executed_branches": [[71, -69], [71, 72], [89, 90], [89, 116], [90, 91], [90, 93], [93, 94], [93, 95], [95, 96], [95, 97], [97, 99], [99, 100], [99, 101], [101, 103], [103, 105], [105, 107], [107, 109], [109, 111], [111, 114]], "missing_branches": [[97, 98], [101, 102], [103, 104], [105, 106], [107, 108], [109, 110], [111, 112], [220, 221], [220, 224], [226, 227], [226, 235], [228, 229], [228, 232], [235, 236], [235, 244], [237, 238], [237, 241], [244, 245], [244, 250], [250, 251], [250, 253], [258, 259], [258, 263], [285, 286], [285, 295], [298, 299], [298, 323], [299, 298], [299, 300], [303, 304], [303, 307], [307, 308], [307, 311], [311, 298], [311, 312], [313, 314], [313, 317], [317, 298], [317, 318], [324, 325], [324, 330], [326, 327], [326, 330], [327, 326], [327, 328], [334, 335], [334, 336], [393, 394], [393, 396], [401, 402], [401, 406], [419, 420], [419, 424], [477, 478], [477, 486], [486, 487], [486, 494], [494, 495], [494, 502], [502, 503], [502, 510], [510, 511], [510, 519], [512, 513], [512, 516], [540, 541], [540, 551], [557, -524], [557, 558], [582, 583], [582, 587], [595, 596], [595, 607], [610, -562], [610, 611]], "functions": {"version_callback": {"executed_lines": [71, 72, 74, 75], "summary": {"covered_lines": 4, "num_statements": 4, "percent_covered": 100.0, "percent_covered_display": "100", "missing_lines": 0, "excluded_lines": 0, "percent_statements_covered": 100.0, "percent_statements_covered_display": "100", "num_branches": 2, "num_partial_branches": 0, "covered_branches": 2, "missing_branches": 0, "percent_branches_covered": 100.0, "percent_branches_covered_display": "100"}, "missing_lines": [], "excluded_lines": [], "start_line": 69, "executed_branches": [[71, -69], [71, 72]], "missing_branches": []}, "get_backends": {"executed_lines": [87, 89, 90, 91, 93, 94, 95, 96, 97, 99, 100, 101, 103, 105, 107, 109, 111, 114, 116], "summary": {"covered_lines": 19, "num_statements": 26, "percent_covered": 72.0, "percent_covered_display": "72", "missing_lines": 7, "excluded_lines": 0, "percent_statements_covered": 73.07692307692308, "percent_statements_covered_display": "73", "num_branches": 24, "num_partial_branches": 7, "covered_branches": 17, "missing_branches": 7, "percent_branches_covered": 70.83333333333333, "percent_branches_covered_display": "71"}, "missing_lines": [98, 102, 104, 106, 108, 110, 112], "excluded_lines": [], "start_line": 78, "executed_branches": [[89, 90], [89, 116], [90, 91], [90, 93], [93, 94], [93, 95], [95, 96], [95, 97], [97, 99], [99, 100], [99, 101], [101, 103], [103, 105], [105, 107], [107, 109], [109, 111], [111, 114]], "missing_branches": [[97, 98], [101, 102], [103, 104], [105, 106], [107, 108], [109, 110], [111, 112]]}, "main": {"executed_lines": [], "summary": {"covered_lines": 0, "num_statements": 1, "percent_covered": 0.0, "percent_covered_display": "0", "missing_lines": 1, "excluded_lines": 0, "percent_statements_covered": 0.0, "percent_statements_covered_display": "0", "num_branches": 0, "num_partial_branches": 0, "covered_branches": 0, "missing_branches": 0, "percent_branches_covered": 100.0, "percent_branches_covered_display": "100"}, "missing_lines": [151], "excluded_lines": [], "start_line": 120, "executed_branches": [], "missing_branches": []}, "sync": {"executed_lines": [], "summary": {"covered_lines": 0, "num_statements": 74, "percent_covered": 0.0, "percent_covered_display": "0", "missing_lines": 74, "excluded_lines": 0, "percent_statements_covered": 0.0, "percent_statements_covered_display": "0", "num_branches": 40, "num_partial_branches": 0, "covered_branches": 0, "missing_branches": 40, "percent_branches_covered": 0.0, "percent_branches_covered_display": "0"}, "missing_lines": [213, 215, 216, 220, 221, 224, 226, 227, 228, 229, 232, 233, 235, 236, 237, 238, 241, 242, 244, 245, 250, 251, 253, 256, 258, 259, 260, 263, 264, 266, 274, 277, 278, 279, 280, 281, 282, 283, 285, 286, 295, 298, 299, 300, 302, 303, 304, 305, 307, 308, 311, 312, 313, 314, 315, 316, 317, 318, 323, 324, 325, 326, 327, 328, 330, 332, 333, 334, 335, 336, 337, 338, 339, 340], "excluded_lines": [], "start_line": 158, "executed_branches": [], "missing_branches": [[220, 221], [220, 224], [226, 227], [226, 235], [228, 229], [228, 232], [235, 236], [235, 244], [237, 238], [237, 241], [244, 245], [244, 250], [250, 251], [250, 253], [258, 259], [258, 263], [285, 286], [285, 295], [298, 299], [298, 323], [299, 298], [299, 300], [303, 304], [303, 307], [307, 308], [307, 311], [311, 298], [311, 312], [313, 314], [313, 317], [317, 298], [317, 318], [324, 325], [324, 330], [326, 327], [326, 330], [327, 326], [327, 328], [334, 335], [334, 336]]}, "watch": {"executed_lines": [], "summary": {"covered_lines": 0, "num_statements": 5, "percent_covered": 0.0, "percent_covered_display": "0", "missing_lines": 5, "excluded_lines": 0, "percent_statements_covered": 0.0, "percent_statements_covered_display": "0", "num_branches": 0, "num_partial_branches": 0, "covered_branches": 0, "missing_branches": 0, "percent_branches_covered": 100.0, "percent_branches_covered_display": "100"}, "missing_lines": [385, 455, 456, 457, 458], "excluded_lines": [], "start_line": 344, "executed_branches": [], "missing_branches": []}, "watch.run_watcher": {"executed_lines": [], "summary": {"covered_lines": 0, "num_statements": 30, "percent_covered": 0.0, "percent_covered_display": "0", "missing_lines": 30, "excluded_lines": 0, "percent_statements_covered": 0.0, "percent_statements_covered_display": "0", "num_branches": 6, "num_partial_branches": 0, "covered_branches": 0, "missing_branches": 6, "percent_branches_covered": 0.0, "percent_branches_covered_display": "0"}, "missing_lines": [386, 388, 389, 393, 394, 396, 399, 401, 402, 403, 406, 407, 410, 419, 420, 421, 422, 424, 430, 436, 443, 445, 446, 447, 448, 449, 450, 451, 452, 453], "excluded_lines": [], "start_line": 385, "executed_branches": [], "missing_branches": [[393, 394], [393, 396], [401, 402], [401, 406], [419, 420], [419, 424]]}, "watch.run_watcher.on_event": {"executed_lines": [], "summary": {"covered_lines": 0, "num_statements": 4, "percent_covered": 0.0, "percent_covered_display": "0", "missing_lines": 4, "excluded_lines": 0, "percent_statements_covered": 0.0, "percent_statements_covered_display": "0", "num_branches": 0, "num_partial_branches": 0, "covered_branches": 0, "missing_branches": 0, "percent_branches_covered": 100.0, "percent_branches_covered_display": "100"}, "missing_lines": [431, 432, 433, 434], "excluded_lines": [], "start_line": 430, "executed_branches": [], "missing_branches": []}, "service": {"executed_lines": [], "summary": {"covered_lines": 0, "num_statements": 39, "percent_covered": 0.0, "percent_covered_display": "0", "missing_lines": 39, "excluded_lines": 0, "percent_statements_covered": 0.0, "percent_statements_covered_display": "0", "num_branches": 12, "num_partial_branches": 0, "covered_branches": 0, "missing_branches": 12, "percent_branches_covered": 0.0, "percent_branches_covered_display": "0"}, "missing_lines": [475, 477, 478, 479, 480, 481, 482, 483, 484, 486, 487, 488, 489, 490, 491, 492, 494, 495, 496, 497, 498, 499, 500, 502, 503, 504, 505, 506, 507, 508, 510, 511, 512, 513, 514, 516, 519, 520, 521], "excluded_lines": [], "start_line": 462, "executed_branches": [], "missing_branches": [[477, 478], [477, 486], [486, 487], [486, 494], [494, 495], [494, 502], [502, 503], [502, 510], [510, 511], [510, 519], [512, 513], [512, 516]]}, "config": {"executed_lines": [], "summary": {"covered_lines": 0, "num_statements": 15, "percent_covered": 0.0, "percent_covered_display": "0", "missing_lines": 15, "excluded_lines": 0, "percent_statements_covered": 0.0, "percent_statements_covered_display": "0", "num_branches": 4, "num_partial_branches": 0, "covered_branches": 0, "missing_branches": 4, "percent_branches_covered": 0.0, "percent_branches_covered_display": "0"}, "missing_lines": [540, 541, 542, 544, 545, 547, 548, 551, 552, 554, 555, 556, 557, 558, 559], "excluded_lines": [], "start_line": 525, "executed_branches": [], "missing_branches": [[540, 541], [540, 551], [557, -524], [557, 558]]}, "discover": {"executed_lines": [], "summary": {"covered_lines": 0, "num_statements": 30, "percent_covered": 0.0, "percent_covered_display": "0", "missing_lines": 30, "excluded_lines": 0, "percent_statements_covered": 0.0, "percent_statements_covered_display": "0", "num_branches": 6, "num_partial_branches": 0, "covered_branches": 0, "missing_branches": 6, "percent_branches_covered": 0.0, "percent_branches_covered_display": "0"}, "missing_lines": [578, 579, 580, 582, 583, 584, 587, 588, 589, 590, 591, 592, 593, 595, 596, 597, 598, 607, 610, 611, 612, 614, 616, 617, 619, 620, 622, 623, 624, 625], "excluded_lines": [], "start_line": 563, "executed_branches": [], "missing_branches": [[582, 583], [582, 587], [595, 596], [595, 607], [610, -562], [610, 611]]}, "": {"executed_lines": [3, 5, 6, 7, 9, 10, 11, 12, 13, 15, 27, 28, 35, 36, 37, 38, 51, 52, 53, 59, 60, 66, 69, 78, 119, 120, 157, 158, 343, 344, 461, 462, 524, 525, 562, 563], "summary": {"covered_lines": 36, "num_statements": 36, "percent_covered": 100.0, "percent_covered_display": "100", "missing_lines": 0, "excluded_lines": 4, "percent_statements_covered": 100.0, "percent_statements_covered_display": "100", "num_branches": 0, "num_partial_branches": 0, "covered_branches": 0, "missing_branches": 0, "percent_branches_covered": 100.0, "percent_branches_covered_display": "100"}, "missing_lines": [], "excluded_lines": [55, 56, 628, 629], "start_line": 1, "executed_branches": [], "missing_branches": []}}, "classes": {"": {"executed_lines": [3, 5, 6, 7, 9, 10, 11, 12, 13, 15, 27, 28, 35, 36, 37, 38, 51, 52, 53, 59, 60, 66, 69, 71, 72, 74, 75, 78, 87, 89, 90, 91, 93, 94, 95, 96, 97, 99, 100, 101, 103, 105, 107, 109, 111, 114, 116, 119, 120, 157, 158, 343, 344, 461, 462, 524, 525, 562, 563], "summary": {"covered_lines": 59, "num_statements": 264, "percent_covered": 21.787709497206706, "percent_covered_display": "22", "missing_lines": 205, "excluded_lines": 4, "percent_statements_covered": 22.348484848484848, "percent_statements_covered_display": "22", "num_branches": 94, "num_partial_branches": 7, "covered_branches": 19, "missing_branches": 75, "percent_branches_covered": 20.21276595744681, "percent_branches_covered_display": "20"}, "missing_lines": [98, 102, 104, 106, 108, 110, 112, 151, 213, 215, 216, 220, 221, 224, 226, 227, 228, 229, 232, 233, 235, 236, 237, 238, 241, 242, 244, 245, 250, 251, 253, 256, 258, 259, 260, 263, 264, 266, 274, 277, 278, 279, 280, 281, 282, 283, 285, 286, 295, 298, 299, 300, 302, 303, 304, 305, 307, 308, 311, 312, 313, 314, 315, 316, 317, 318, 323, 324, 325, 326, 327, 328, 330, 332, 333, 334, 335, 336, 337, 338, 339, 340, 385, 386, 388, 389, 393, 394, 396, 399, 401, 402, 403, 406, 407, 410, 419, 420, 421, 422, 424, 430, 431, 432, 433, 434, 436, 443, 445, 446, 447, 448, 449, 450, 451, 452, 453, 455, 456, 457, 458, 475, 477, 478, 479, 480, 481, 482, 483, 484, 486, 487, 488, 489, 490, 491, 492, 494, 495, 496, 497, 498, 499, 500, 502, 503, 504, 505, 506, 507, 508, 510, 511, 512, 513, 514, 516, 519, 520, 521, 540, 541, 542, 544, 545, 547, 548, 551, 552, 554, 555, 556, 557, 558, 559, 578, 579, 580, 582, 583, 584, 587, 588, 589, 590, 591, 592, 593, 595, 596, 597, 598, 607, 610, 611, 612, 614, 616, 617, 619, 620, 622, 623, 624, 625], "excluded_lines": [55, 56, 628, 629], "start_line": 1, "executed_branches": [[71, -69], [71, 72], [89, 90], [89, 116], [90, 91], [90, 93], [93, 94], [93, 95], [95, 96], [95, 97], [97, 99], [99, 100], [99, 101], [101, 103], [103, 105], [105, 107], [107, 109], [109, 111], [111, 114]], "missing_branches": [[97, 98], [101, 102], [103, 104], [105, 106], [107, 108], [109, 110], [111, 112], [220, 221], [220, 224], [226, 227], [226, 235], [228, 229], [228, 232], [235, 236], [235, 244], [237, 238], [237, 241], [244, 245], [244, 250], [250, 251], [250, 253], [258, 259], [258, 263], [285, 286], [285, 295], [298, 299], [298, 323], [299, 298], [299, 300], [303, 304], [303, 307], [307, 308], [307, 311], [311, 298], [311, 312], [313, 314], [313, 317], [317, 298], [317, 318], [324, 325], [324, 330], [326, 327], [326, 330], [327, 326], [327, 328], [334, 335], [334, 336], [393, 394], [393, 396], [401, 402], [401, 406], [419, 420], [419, 424], [477, 478], [477, 486], [486, 487], [486, 494], [494, 495], [494, 502], [502, 503], [502, 510], [510, 511], [510, 519], [512, 513], [512, 516], [540, 541], [540, 551], [557, -524], [557, 558], [582, 583], [582, 587], [595, 596], [595, 607], [610, -562], [610, 611]]}}}}, "totals": {"covered_lines": 2065, "num_statements": 3317, "percent_covered": 56.161703977396215, "percent_covered_display": "56", "missing_lines": 1252, "excluded_lines": 39, "percent_statements_covered": 62.255049743744344, "percent_statements_covered_display": "62", "num_branches": 1284, "num_partial_branches": 241, "covered_branches": 519, "missing_branches": 765, "percent_branches_covered": 40.42056074766355, "percent_branches_covered_display": "40"}}